[thewebmax.org/industro/index-2.html]
[thewebmax.org/industro/images/favicon.ico]
[thewebmax.org/industro/images/favicon.png]
[backblue.gif]
[fade.gif]
[index.html]
[thewebmax.org/industro/css/bootstrap.min.css]
[thewebmax.org/industro/css/fontawesome/css/font-awesome.min.css]
[thewebmax.org/industro/css/owl.carousel.min.css]
[thewebmax.org/industro/css/bootstrap-select.min.css]
[thewebmax.org/industro/css/magnific-popup.min.css]
[thewebmax.org/industro/css/loader.min.css]
[thewebmax.org/industro/css/style.css]
[thewebmax.org/industro/css/flaticon.min.css]
[thewebmax.org/industro/css/lc_lightbox.css]
[thewebmax.org/industro/css/skin/skin-9.css]
[thewebmax.org/industro/css/switcher.css]
[thewebmax.org/industro/plugins/revolution/revolution/css/settings.css]
[thewebmax.org/industro/plugins/revolution/revolution/css/navigation.css]
[thewebmax.org/industro/index.html]
[thewebmax.org/industro/images/logo-9.png]
[thewebmax.org/industro/index-3.html]
[thewebmax.org/industro/index-4.html]
[thewebmax.org/industro/index-5.html]
[thewebmax.org/industro/index-6.html]
[thewebmax.org/industro/index-7.html]
[thewebmax.org/industro/index-8.html]
[thewebmax.org/industro/index-9.html]
[thewebmax.org/industro/index-10.html]
[thewebmax.org/industro/index-11.html]
[thewebmax.org/industro/index-12.html]
[thewebmax.org/industro/about-1.html]
[thewebmax.org/industro/about-2.html]
[thewebmax.org/industro/services-1.html]
[thewebmax.org/industro/services-2.html]
[thewebmax.org/industro/s-agricultural.html]
[thewebmax.org/industro/s-automotive.html]
[thewebmax.org/industro/s-civil.html]
[thewebmax.org/industro/s-chemical.html]
[thewebmax.org/industro/s-mechanical.html]
[thewebmax.org/industro/s-oilgas.html]
[thewebmax.org/industro/s-power-energy.html]
[thewebmax.org/industro/project-grid.html]
[thewebmax.org/industro/project-masonry.html]
[thewebmax.org/industro/project-carousel.html]
[thewebmax.org/industro/project-detail.html]
[thewebmax.org/industro/our-prices.html]
[thewebmax.org/industro/icon-font.html]
[thewebmax.org/industro/team.html]
[thewebmax.org/industro/team-single.html]
[thewebmax.org/industro/Faq.html]
[thewebmax.org/industro/error-403.html]
[thewebmax.org/industro/error-404.html]
[thewebmax.org/industro/error-405.html]
[thewebmax.org/industro/contact-1.html]
[thewebmax.org/industro/product.html]
[thewebmax.org/industro/product-detail.html]
[thewebmax.org/industro/shopping-cart.html]
[thewebmax.org/industro/checkout.html]
[thewebmax.org/industro/wish-list.html]
[thewebmax.org/industro/blog-grid.html]
[thewebmax.org/industro/blog-list-sidebar.html]
[thewebmax.org/industro/blog-post-right-sidebar.html]
[thewebmax.org/industro/images/main-slider/slider2/slide1.jpg]
[thewebmax.org/industro/images/main-slider/slider2/slide2.jpg]
[thewebmax.org/industro/images/background/bg-5.jpg]
[thewebmax.org/industro/images/project/square/1.jpg]
[thewebmax.org/industro/images/project/square/2.jpg]
[thewebmax.org/industro/images/project/square/3.jpg]
[thewebmax.org/industro/images/project/square/4.jpg]
[thewebmax.org/industro/images/project/square/5.jpg]
[thewebmax.org/industro/images/project/square/6.jpg]
[thewebmax.org/industro/images/project/square/7.jpg]
[thewebmax.org/industro/images/colarge/s2.jpg]
[thewebmax.org/industro/images/colarge/s1.jpg]
[thewebmax.org/industro/images/background/bg-2.jpg]
[thewebmax.org/industro/images/client-logo/w1.png]
[thewebmax.org/industro/images/client-logo/w2.png]
[thewebmax.org/industro/images/client-logo/w3.png]
[thewebmax.org/industro/images/client-logo/w4.png]
[thewebmax.org/industro/images/client-logo/w5.png]
[thewebmax.org/industro/images/client-logo/w6.png]
[thewebmax.org/industro/images/background/bg-5.png]
[thewebmax.org/industro/images/testimonials/pic1.jpg]
[thewebmax.org/industro/images/testimonials/pic2.jpg]
[thewebmax.org/industro/images/testimonials/pic3.jpg]
[thewebmax.org/industro/images/testimonials/pic4.jpg]
[thewebmax.org/industro/images/background/bg-map.png]
[thewebmax.org/industro/images/team/pic1.jpg]
[thewebmax.org/industro/images/team/pic2.jpg]
[thewebmax.org/industro/images/team/pic3.jpg]
[thewebmax.org/industro/images/background/bg-6.jpg]
[thewebmax.org/industro/images/self-pic.png]
[thewebmax.org/industro/images/blog/default/thum1.jpg]
[thewebmax.org/industro/images/background/footer-bg.png]
[thewebmax.org/industro/images/logo-9-light.png]
[thewebmax.org/industro/images/background/bg-7.jpg]
[thewebmax.org/industro/images/background/bg-map2.png]
[thewebmax.org/industro/js/jquery-2.2.0.min.js]
[thewebmax.org/industro/js/popper.min.js]
[thewebmax.org/industro/js/bootstrap.min.js]
[thewebmax.org/industro/js/bootstrap-select.min.js]
[thewebmax.org/industro/js/magnific-popup.min.js]
[thewebmax.org/industro/js/waypoints.min.js]
[thewebmax.org/industro/js/counterup.min.js]
[thewebmax.org/industro/js/waypoints-sticky.min.js]
[thewebmax.org/industro/js/isotope.pkgd.min.js]
[thewebmax.org/industro/js/owl.carousel.min.js]
[thewebmax.org/industro/js/stellar.min.js]
[thewebmax.org/industro/js/theia-sticky-sidebar.js]
[thewebmax.org/industro/js/jquery.bootstrap-touchspin.js]
[thewebmax.org/industro/js/custom.js]
[thewebmax.org/industro/js/lc_lightbox.lite.js]
[thewebmax.org/industro/js/switcher.js]
[thewebmax.org/industro/index-2a39b.html]
[thewebmax.org/industro/index-261e7.html]
[thewebmax.org/industro/index-2cce5.html]
[thewebmax.org/industro/index-213f7.html]
[thewebmax.org/industro/index-219a6.html]
[thewebmax.org/industro/index-2fe5c.html]
[thewebmax.org/industro/index-2ab47.html]
[thewebmax.org/industro/index-25f8d.html]
[thewebmax.org/industro/index-25663.html]
[thewebmax.org/industro/index-228ac.html]
[thewebmax.org/industro/index-226b8.html]
[thewebmax.org/industro/index-27f4c.html]
[thewebmax.org/industro/plugins/revolution/revolution/js/jquery.themepunch.tools.min.js]
[thewebmax.org/industro/plugins/revolution/revolution/js/jquery.themepunch.revolution.min.js]
[thewebmax.org/industro/plugins/revolution/revolution/js/extensions/revolution-plugin.js]
[thewebmax.org/industro/index-2.html]
[thewebmax.org/industro/js/rev-script-2.js]
[thewebmax.org/industro/images/favicon.html]
[thewebmax.org/industro/css/bootstrap.min.css]
[thewebmax.org/industro/css/fontawesome/fonts/fontawesome-webfont3e6e.eot]
[thewebmax.org/industro/css/fontawesome/fonts/fontawesome-webfontd41d.eot]
[thewebmax.org/industro/css/fontawesome/fonts/fontawesome-webfont3e6e.woff2]
[thewebmax.org/industro/css/fontawesome/fonts/fontawesome-webfont3e6e.woff]
[thewebmax.org/industro/css/fontawesome/fonts/fontawesome-webfont3e6e.ttf]
[thewebmax.org/industro/css/fontawesome/css/font-awesome.min.css]
[thewebmax.org/industro/css/fontawesome/fonts/fontawesome-webfont3e6e.svg]
[thewebmax.org/industro/css/owl.video.play.png]
[thewebmax.org/industro/css/owl.carousel.min.css]
[thewebmax.org/industro/css/bootstrap-select.min.css]
[thewebmax.org/industro/css/magnific-popup.min.css]
[thewebmax.org/industro/css/loader.min.css]
[thewebmax.org/industro/images/testimonials/bg-left.png]
[thewebmax.org/industro/images/background/count-bg.png]
[thewebmax.org/industro/images/background/bg-map-white.png]
[thewebmax.org/industro/images/background/brush-left.png]
[thewebmax.org/industro/images/background/girl-right.png]
[thewebmax.org/industro/images/background/self-info-bg.png]
[thewebmax.org/industro/images/ui-9/background/bg-dott2.png]
[thewebmax.org/industro/images/home-11/bg-plus.png]
[thewebmax.org/industro/images/home-11/background/scale-h.png]
[thewebmax.org/industro/images/home-11/background/scale-v.png]
[thewebmax.org/industro/images/home-11/ap-section.jpg]
[thewebmax.org/industro/css/style.css]
[thewebmax.org/industro/fonts/Flaticon.eot]
[thewebmax.org/industro/fonts/Flaticond41d.eot]
[thewebmax.org/industro/fonts/Flaticon.woff]
[thewebmax.org/industro/fonts/Flaticon.ttf]
[thewebmax.org/industro/css/flaticon.min.css]
[thewebmax.org/industro/fonts/Flaticon.svg]
[thewebmax.org/industro/fonts/lc_lightbox.eot]
[thewebmax.org/industro/fonts/lc_lightbox.woff]
[thewebmax.org/industro/fonts/lc_lightbox.ttf]
[thewebmax.org/industro/fonts/lc_lightbox.svg]
[thewebmax.org/industro/img/patterns/oblique_dots.png]
[thewebmax.org/industro/img/patterns/pattern-1.png]
[thewebmax.org/industro/img/patterns/pattern-dot-1.png]
[thewebmax.org/industro/img/patterns/pattern-dot-2.png]
[thewebmax.org/industro/img/patterns/pattern-dot-b1.png]
[thewebmax.org/industro/img/patterns/pattern-dot-b2.png]
[thewebmax.org/industro/img/patterns/pattern-dot-b3.png]
[thewebmax.org/industro/img/patterns/pattern-dot-b4.png]
[thewebmax.org/industro/img/patterns/pattern-triangle-05.png]
[thewebmax.org/industro/img/patterns/pattern-triangle-10.png]
[thewebmax.org/industro/img/patterns/pattern-triangle-20.png]
[thewebmax.org/industro/img/patterns/pattern-triangle-30.png]
[thewebmax.org/industro/img/patterns/pattern-triangle-40.png]
[thewebmax.org/industro/img/patterns/pattern-ver-line-10.png]
[thewebmax.org/industro/img/patterns/pattern-ver-line-20.png]
[thewebmax.org/industro/img/patterns/pattern-ver-line-30.png]
[thewebmax.org/industro/img/patterns/pattern-ver-line-40.png]
[thewebmax.org/industro/img/patterns/pattern-ver-line-50.png]
[thewebmax.org/industro/css/lc_lightbox.css]
[thewebmax.org/industro/css/skin/skin-9.css]
[thewebmax.org/industro/css/switcher.css]
[thewebmax.org/industro/plugins/revolution/revolution/fonts/revicons/revicons90c6.eot]
[thewebmax.org/industro/plugins/revolution/revolution/fonts/revicons/revicons90c6.woff]
[thewebmax.org/industro/plugins/revolution/revolution/fonts/revicons/revicons90c6.ttf]
[thewebmax.org/industro/plugins/revolution/revolution/fonts/revicons/revicons90c6.svg]
[thewebmax.org/industro/plugins/revolution/revolution/css/openhand.cur]
[thewebmax.org/industro/plugins/revolution/revolution/css/closedhand.cur]
[thewebmax.org/industro/plugins/revolution/revolution/assets/gridtile.png]
[thewebmax.org/industro/plugins/revolution/revolution/assets/gridtile_white.png]
[thewebmax.org/industro/plugins/revolution/revolution/assets/gridtile_3x3.png]
[thewebmax.org/industro/plugins/revolution/revolution/assets/gridtile_3x3_white.png]
[thewebmax.org/industro/plugins/revolution/revolution/assets/coloredbg.png]
[thewebmax.org/industro/plugins/revolution/revolution/assets/loader.gif]
[thewebmax.org/industro/plugins/revolution/revolution/css/settings.css]
[thewebmax.org/industro/plugins/revolution/revolution/css/navigation.css]
[thewebmax.org/industro/css/skin/skin-1.css]
[thewebmax.org/industro/images/logo-dark.png]
[thewebmax.org/industro/images/main-slider/slider1/slide1.jpg]
[thewebmax.org/industro/images/main-slider/slider1/slide2.jpg]
[thewebmax.org/industro/images/main-slider/slider1/slide3.jpg]
[thewebmax.org/industro/images/sign.png]
[thewebmax.org/industro/images/background/bg-3.jpg]
[thewebmax.org/industro/images/what-we/pic1.jpg]
[thewebmax.org/industro/images/background/bg-1.png]
[thewebmax.org/industro/images/crane.png]
[thewebmax.org/industro/images/project/pic1.jpg]
[thewebmax.org/industro/images/project/pic2.jpg]
[thewebmax.org/industro/images/project/pic3.jpg]
[thewebmax.org/industro/images/project/pic4.jpg]
[thewebmax.org/industro/images/blog/default/thum2.jpg]
[thewebmax.org/industro/images/blog/default/thum3.jpg]
[thewebmax.org/industro/images/logo-light.png]
[thewebmax.org/industro/js/rev-script-1.js]
[thewebmax.org/industro/indexa39b.html]
[thewebmax.org/industro/index61e7.html]
[thewebmax.org/industro/indexcce5.html]
[thewebmax.org/industro/index13f7.html]
[thewebmax.org/industro/index19a6.html]
[thewebmax.org/industro/indexfe5c.html]
[thewebmax.org/industro/indexab47.html]
[thewebmax.org/industro/index5f8d.html]
[thewebmax.org/industro/index5663.html]
[thewebmax.org/industro/index28ac.html]
[thewebmax.org/industro/index26b8.html]
[thewebmax.org/industro/index.html]
[thewebmax.org/industro/index7f4c.html]
[thewebmax.org/industro/css/skin/skin-7.css]
[thewebmax.org/industro/images/logo-7.png]
[thewebmax.org/industro/media/images/video1.jpg]
[thewebmax.org/industro/images/gallery/portrait-2/pic1.jpg]
[thewebmax.org/industro/images/gallery/portrait-2/pic2.jpg]
[thewebmax.org/industro/images/gallery/portrait-2/pic3.jpg]
[thewebmax.org/industro/images/gallery/portrait-2/pic4.jpg]
[thewebmax.org/industro/images/gallery/portrait-2/pic5.jpg]
[thewebmax.org/industro/images/gallery/portrait-2/pic6.jpg]
[thewebmax.org/industro/images/background/bg3.jpg]
[thewebmax.org/industro/images/colarge_2/s2.jpg]
[thewebmax.org/industro/images/colarge_2/s1.jpg]
[thewebmax.org/industro/images/blog/default_2/thum1.jpg]
[thewebmax.org/industro/images/blog/default_2/thum2.jpg]
[thewebmax.org/industro/images/blog/default_2/thum3.jpg]
[thewebmax.org/industro/images/background/bg-9.jpg]
[thewebmax.org/industro/images/team_2/pic1.jpg]
[thewebmax.org/industro/images/team_2/pic2.jpg]
[thewebmax.org/industro/images/team_2/pic3.jpg]
[thewebmax.org/industro/images/logo-7-light.png]
[thewebmax.org/industro/index-3a39b.html]
[thewebmax.org/industro/index-361e7.html]
[thewebmax.org/industro/index-3cce5.html]
[thewebmax.org/industro/index-313f7.html]
[thewebmax.org/industro/index-319a6.html]
[thewebmax.org/industro/index-3fe5c.html]
[thewebmax.org/industro/index-3ab47.html]
[thewebmax.org/industro/index-35f8d.html]
[thewebmax.org/industro/index-35663.html]
[thewebmax.org/industro/index-328ac.html]
[thewebmax.org/industro/index-326b8.html]
[thewebmax.org/industro/index-37f4c.html]
[thewebmax.org/industro/index-3.html]
[thewebmax.org/industro/js/rev-script-3.js]
[thewebmax.org/industro/css/skin/skin-2.css]
[thewebmax.org/industro/images/logo-white.png]
[thewebmax.org/industro/images/main-slider/slider4/slide1.jpg]
[thewebmax.org/industro/images/main-slider/slider4/slide2.jpg]
[thewebmax.org/industro/images/main-slider/slider4/slide3.jpg]
[thewebmax.org/industro/images/what-we_2/pic1.jpg]
[thewebmax.org/industro/images/services_2/1.jpg]
[thewebmax.org/industro/images/services_2/2.jpg]
[thewebmax.org/industro/images/services_2/3.jpg]
[thewebmax.org/industro/images/services_2/4.jpg]
[thewebmax.org/industro/images/services_2/5.jpg]
[thewebmax.org/industro/images/background/bg-11.jpg]
[thewebmax.org/industro/images/blog/default_3/thum1.jpg]
[thewebmax.org/industro/images/blog/default_3/thum2.jpg]
[thewebmax.org/industro/images/blog/default_3/thum3.jpg]
[thewebmax.org/industro/images/project_2/pic1.jpg]
[thewebmax.org/industro/images/project_2/pic2.jpg]
[thewebmax.org/industro/images/project_2/pic3.jpg]
[thewebmax.org/industro/images/project_2/pic4.jpg]
[thewebmax.org/industro/images/project_2/pic5.jpg]
[thewebmax.org/industro/images/project_2/pic6.jpg]
[thewebmax.org/industro/images/logo-2-light.png]
[thewebmax.org/industro/js/rev-script-4.js]
[thewebmax.org/industro/index-4a39b.html]
[thewebmax.org/industro/index-461e7.html]
[thewebmax.org/industro/index-4cce5.html]
[thewebmax.org/industro/index-413f7.html]
[thewebmax.org/industro/index-419a6.html]
[thewebmax.org/industro/index-4fe5c.html]
[thewebmax.org/industro/index-4ab47.html]
[thewebmax.org/industro/index-45f8d.html]
[thewebmax.org/industro/index-45663.html]
[thewebmax.org/industro/index-428ac.html]
[thewebmax.org/industro/index-426b8.html]
[thewebmax.org/industro/index-4.html]
[thewebmax.org/industro/index-47f4c.html]
[thewebmax.org/industro/css/skin/skin-4.css]
[thewebmax.org/industro/images/logo-4.png]
[thewebmax.org/industro/images/main-slider/slider5/slide1.jpg]
[thewebmax.org/industro/images/main-slider/slider5/slide2.jpg]
[thewebmax.org/industro/images/main-slider/slider5/slide3.jpg]
[thewebmax.org/industro/images/background/bg-12.jpg]
[thewebmax.org/industro/images/gallery/portrait-3/pic1.jpg]
[thewebmax.org/industro/images/gallery/portrait-3/pic2.jpg]
[thewebmax.org/industro/images/gallery/portrait-3/pic3.jpg]
[thewebmax.org/industro/images/gallery/portrait-3/pic4.jpg]
[thewebmax.org/industro/images/gallery/portrait-3/pic5.jpg]
[thewebmax.org/industro/images/gallery/portrait-3/pic6.jpg]
[thewebmax.org/industro/images/background/bg-15.jpg]
[thewebmax.org/industro/images/project_3/pic1.jpg]
[thewebmax.org/industro/images/project_3/pic2.jpg]
[thewebmax.org/industro/images/project_3/pic3.jpg]
[thewebmax.org/industro/images/project_3/pic4.jpg]
[thewebmax.org/industro/images/project_3/pic5.jpg]
[thewebmax.org/industro/images/project_3/pic6.jpg]
[thewebmax.org/industro/images/background/bg-13.jpg]
[thewebmax.org/industro/images/team-5/pic1.jpg]
[thewebmax.org/industro/images/team-5/pic2.jpg]
[thewebmax.org/industro/images/team-5/pic3.jpg]
[thewebmax.org/industro/images/background/bg-14.jpg]
[thewebmax.org/industro/images/self-pic-2.png]
[thewebmax.org/industro/images/blog/default-5/thum1.jpg]
[thewebmax.org/industro/images/blog/default-5/thum2.jpg]
[thewebmax.org/industro/images/client-logo2/w1.png]
[thewebmax.org/industro/images/client-logo2/w2.png]
[thewebmax.org/industro/images/client-logo2/w3.png]
[thewebmax.org/industro/images/client-logo2/w4.png]
[thewebmax.org/industro/images/client-logo2/w5.png]
[thewebmax.org/industro/images/client-logo2/w6.png]
[thewebmax.org/industro/images/logo-4-light.png]
[thewebmax.org/industro/js/rev-script-5.js]
[thewebmax.org/industro/index-5a39b.html]
[thewebmax.org/industro/index-561e7.html]
[thewebmax.org/industro/index-5cce5.html]
[thewebmax.org/industro/index-513f7.html]
[thewebmax.org/industro/index-519a6.html]
[thewebmax.org/industro/index-5fe5c.html]
[thewebmax.org/industro/index-5ab47.html]
[thewebmax.org/industro/index-55f8d.html]
[thewebmax.org/industro/index-55663.html]
[thewebmax.org/industro/index-528ac.html]
[thewebmax.org/industro/index-526b8.html]
[thewebmax.org/industro/index-5.html]
[thewebmax.org/industro/index-57f4c.html]
[thewebmax.org/industro/images/main-slider/slider6/slide1.jpg]
[thewebmax.org/industro/images/main-slider/slider6/slide2.jpg]
[thewebmax.org/industro/images/solar-icon/1.png]
[thewebmax.org/industro/images/solar-icon/2.png]
[thewebmax.org/industro/images/solar-icon/4.png]
[thewebmax.org/industro/images/solar-icon/3.png]
[thewebmax.org/industro/images/solar-icon/bg/1.png]
[thewebmax.org/industro/images/solar-icon/gallery/pic1.jpg]
[thewebmax.org/industro/images/gallery/thumb/pic1.jpg]
[thewebmax.org/industro/images/solar-icon/gallery/pic2.jpg]
[thewebmax.org/industro/images/gallery/thumb/pic2.jpg]
[thewebmax.org/industro/images/solar-icon/gallery/pic3.jpg]
[thewebmax.org/industro/images/gallery/thumb/pic4.jpg]
[thewebmax.org/industro/images/solar-icon/gallery/pic4.jpg]
[thewebmax.org/industro/images/gallery/thumb/pic3.jpg]
[thewebmax.org/industro/images/solar-icon/gallery/pic5.jpg]
[thewebmax.org/industro/images/gallery/thumb/pic5.jpg]
[thewebmax.org/industro/images/solar-icon/gallery/pic6.jpg]
[thewebmax.org/industro/images/gallery/thumb/pic6.jpg]
[thewebmax.org/industro/images/solar-icon/img-1.png]
[thewebmax.org/industro/images/solar-icon/bg/bg-1.jpg]
[thewebmax.org/industro/images/solar-icon/default/thum1.jpg]
[thewebmax.org/industro/images/solar-icon/default/thum2.jpg]
[thewebmax.org/industro/images/solar-icon/default/thum3.jpg]
[thewebmax.org/industro/images/solar-icon/client-logo/w1.png]
[thewebmax.org/industro/images/solar-icon/client-logo/w2.png]
[thewebmax.org/industro/images/solar-icon/client-logo/w3.png]
[thewebmax.org/industro/images/solar-icon/client-logo/w4.png]
[thewebmax.org/industro/images/solar-icon/client-logo/w5.png]
[thewebmax.org/industro/images/solar-icon/client-logo/w6.png]
[thewebmax.org/industro/images/solar-icon/client-logo/w7.png]
[thewebmax.org/industro/index-6a39b.html]
[thewebmax.org/industro/index-661e7.html]
[thewebmax.org/industro/index-6cce5.html]
[thewebmax.org/industro/index-613f7.html]
[thewebmax.org/industro/index-619a6.html]
[thewebmax.org/industro/index-6fe5c.html]
[thewebmax.org/industro/index-6ab47.html]
[thewebmax.org/industro/index-65f8d.html]
[thewebmax.org/industro/index-65663.html]
[thewebmax.org/industro/index-628ac.html]
[thewebmax.org/industro/index-626b8.html]
[thewebmax.org/industro/index-67f4c.html]
[thewebmax.org/industro/index-6.html]
[thewebmax.org/industro/js/rev-script-6.js]
[thewebmax.org/industro/images/main-slider/slider7/slide1.jpg]
[thewebmax.org/industro/images/main-slider/slider7/slide2.jpg]
[thewebmax.org/industro/images/oil-gas/icon/5.png]
[thewebmax.org/industro/images/oil-gas/icon/1.png]
[thewebmax.org/industro/images/oil-gas/icon/2.png]
[thewebmax.org/industro/images/oil-gas/icon/3.png]
[thewebmax.org/industro/images/oil-gas/icon/6.png]
[thewebmax.org/industro/images/oil-gas/icon/4.png]
[thewebmax.org/industro/images/oil-gas/bg-1.png]
[thewebmax.org/industro/images/oil-gas/s-1.jpg]
[thewebmax.org/industro/images/oil-gas/l-2.jpg]
[thewebmax.org/industro/images/oil-gas/l-1.jpg]
[thewebmax.org/industro/images/oil-gas/s-3.jpg]
[thewebmax.org/industro/images/oil-gas/icon-2/1.png]
[thewebmax.org/industro/images/oil-gas/icon-2/2.png]
[thewebmax.org/industro/images/oil-gas/icon-2/3.png]
[thewebmax.org/industro/images/oil-gas/icon-2/4.png]
[thewebmax.org/industro/images/oil-gas/icon-2/5.png]
[thewebmax.org/industro/images/oil-gas/icon-2/6.png]
[thewebmax.org/industro/images/oil-gas/bg/bg1.jpg]
[thewebmax.org/industro/images/oil-gas/projects/pic1.jpg]
[thewebmax.org/industro/images/oil-gas/projects/pic2.jpg]
[thewebmax.org/industro/images/oil-gas/projects/pic3.jpg]
[thewebmax.org/industro/images/oil-gas/projects/pic4.jpg]
[thewebmax.org/industro/images/oil-gas/projects/pic5.jpg]
[thewebmax.org/industro/images/oil-gas/projects/pic6.jpg]
[thewebmax.org/industro/images/oil-gas/default_3/thum1.jpg]
[thewebmax.org/industro/images/oil-gas/default_3/thum2.jpg]
[thewebmax.org/industro/images/oil-gas/default_3/thum3.jpg]
[thewebmax.org/industro/js/rev-script-7.js]
[thewebmax.org/industro/index-7a39b.html]
[thewebmax.org/industro/index-761e7.html]
[thewebmax.org/industro/index-7cce5.html]
[thewebmax.org/industro/index-713f7.html]
[thewebmax.org/industro/index-719a6.html]
[thewebmax.org/industro/index-7fe5c.html]
[thewebmax.org/industro/index-7ab47.html]
[thewebmax.org/industro/index-75f8d.html]
[thewebmax.org/industro/index-75663.html]
[thewebmax.org/industro/index-728ac.html]
[thewebmax.org/industro/index-726b8.html]
[thewebmax.org/industro/index-7.html]
[thewebmax.org/industro/index-77f4c.html]
[thewebmax.org/industro/images/new-index/colarge/s1.jpg]
[thewebmax.org/industro/images/new-index/what-we_2/pic1.jpg]
[thewebmax.org/industro/images/new-index/self-pic.png]
[thewebmax.org/industro/images/new-index/video-1.jpg]
[thewebmax.org/industro/images/logo-1-light.png]
[thewebmax.org/industro/js/rev-script-8.js]
[thewebmax.org/industro/index-8a39b.html]
[thewebmax.org/industro/index-861e7.html]
[thewebmax.org/industro/index-8cce5.html]
[thewebmax.org/industro/index-813f7.html]
[thewebmax.org/industro/index-819a6.html]
[thewebmax.org/industro/index-8fe5c.html]
[thewebmax.org/industro/index-8ab47.html]
[thewebmax.org/industro/index-85f8d.html]
[thewebmax.org/industro/index-85663.html]
[thewebmax.org/industro/index-828ac.html]
[thewebmax.org/industro/index-826b8.html]
[thewebmax.org/industro/index-87f4c.html]
[thewebmax.org/industro/index-8.html]
[thewebmax.org/industro/images/main-slider/slider9/slide1.jpg]
[thewebmax.org/industro/contact.html]
[thewebmax.org/industro/images/main-slider/slider9/slide2.jpg]
[thewebmax.org/industro/images/main-slider/slider9/slide3.jpg]
[thewebmax.org/industro/images/ui-9/intro-pic.jpg]
[thewebmax.org/industro/images/ui-9/background/bg-1.jpg]
[thewebmax.org/industro/images/ui-9/background/bg-map2.png]
[thewebmax.org/industro/project-single.html]
[thewebmax.org/industro/images/ui-9/project/1.jpg]
[thewebmax.org/industro/images/ui-9/project/2.jpg]
[thewebmax.org/industro/images/ui-9/project/3.jpg]
[thewebmax.org/industro/images/ui-9/project/4.jpg]
[thewebmax.org/industro/images/ui-9/project/5.jpg]
[thewebmax.org/industro/images/ui-9/project/6.jpg]
[thewebmax.org/industro/images/ui-9/project/7.jpg]
[thewebmax.org/industro/images/ui-9/project/8.jpg]
[thewebmax.org/industro/images/ui-9/latest-blog/bg-1.jpg]
[thewebmax.org/industro/images/ui-9/latest-blog/bg-2.jpg]
[thewebmax.org/industro/js/rev-script-9.js]
[thewebmax.org/industro/index-9a39b.html]
[thewebmax.org/industro/index-961e7.html]
[thewebmax.org/industro/index-9cce5.html]
[thewebmax.org/industro/index-913f7.html]
[thewebmax.org/industro/index-919a6.html]
[thewebmax.org/industro/index-9fe5c.html]
[thewebmax.org/industro/index-9ab47.html]
[thewebmax.org/industro/index-95f8d.html]
[thewebmax.org/industro/index-95663.html]
[thewebmax.org/industro/index-928ac.html]
[thewebmax.org/industro/index-926b8.html]
[thewebmax.org/industro/index-97f4c.html]
[thewebmax.org/industro/index-9.html]
[thewebmax.org/industro/images/logo-2.png]
[thewebmax.org/industro/images/main-slider/slider10/slide1-blur.jpg]
[thewebmax.org/industro/images/main-slider/slider10/slide1.jpg]
[thewebmax.org/industro/images/main-slider/slider10/slide2-blur.jpg]
[thewebmax.org/industro/images/main-slider/slider10/slide2.jpg]
[thewebmax.org/industro/images/ui-10/intro-pic.jpg]
[thewebmax.org/industro/images/ui-10/sign.png]
[thewebmax.org/industro/images/ui-10/project/1.jpg]
[thewebmax.org/industro/images/ui-10/project/2.jpg]
[thewebmax.org/industro/images/ui-10/project/3.jpg]
[thewebmax.org/industro/images/ui-10/project/4.jpg]
[thewebmax.org/industro/images/ui-10/project/5.jpg]
[thewebmax.org/industro/images/ui-10/project/6.jpg]
[thewebmax.org/industro/images/ui-10/project/7.jpg]
[thewebmax.org/industro/images/ui-10/services/1.jpg]
[thewebmax.org/industro/images/ui-10/services/2.jpg]
[thewebmax.org/industro/images/ui-10/services/3.jpg]
[thewebmax.org/industro/images/ui-10/services/4.jpg]
[thewebmax.org/industro/images/ui-10/services/5.jpg]
[thewebmax.org/industro/images/ui-10/services/6.jpg]
[thewebmax.org/industro/images/ui-10/video.jpg]
[thewebmax.org/industro/images/ui-10/our-team1/1.jpg]
[thewebmax.org/industro/images/ui-10/our-team1/2.jpg]
[thewebmax.org/industro/images/ui-10/our-team1/3.jpg]
[thewebmax.org/industro/images/ui-10/our-team1/4.jpg]
[thewebmax.org/industro/js/rev-script-10.js]
[thewebmax.org/industro/index-10a39b.html]
[thewebmax.org/industro/index-1061e7.html]
[thewebmax.org/industro/index-10cce5.html]
[thewebmax.org/industro/index-1013f7.html]
[thewebmax.org/industro/index-1019a6.html]
[thewebmax.org/industro/index-10fe5c.html]
[thewebmax.org/industro/index-10ab47.html]
[thewebmax.org/industro/index-105f8d.html]
[thewebmax.org/industro/index-105663.html]
[thewebmax.org/industro/index-1028ac.html]
[thewebmax.org/industro/index-1026b8.html]
[thewebmax.org/industro/index-10.html]
[thewebmax.org/industro/index-107f4c.html]
[thewebmax.org/industro/images/home-11/cart/pic-1.jpg]
[thewebmax.org/industro/images/home-11/slider/slide1.jpg]
[thewebmax.org/industro/images/home-11/slider/slide2.jpg]
[thewebmax.org/industro/images/background/building-bg.png]
[thewebmax.org/industro/images/home-11/background/ipad-pencil.png]
[thewebmax.org/industro/images/home-11/ipad-bg.png]
[thewebmax.org/industro/images/home-11/icon/pic-1.png]
[thewebmax.org/industro/service-detail.html]
[thewebmax.org/industro/images/home-11/icon/pic-2.png]
[thewebmax.org/industro/images/home-11/icon/pic-3.png]
[thewebmax.org/industro/images/home-11/icon/pic-4.png]
[thewebmax.org/industro/images/home-11/s-gallery/1.jpg]
[thewebmax.org/industro/images/home-11/s-gallery/2.jpg]
[thewebmax.org/industro/images/home-11/s-gallery/3.jpg]
[thewebmax.org/industro/images/home-11/s-gallery/4.jpg]
[thewebmax.org/industro/images/home-11/s-gallery/5.jpg]
[thewebmax.org/industro/images/home-11/team/pic1.jpg]
[thewebmax.org/industro/our-team-detail.html]
[thewebmax.org/industro/images/home-11/team/pic2.jpg]
[thewebmax.org/industro/images/home-11/team/pic3.jpg]
[thewebmax.org/industro/images/home-11/team/pic4.jpg]
[thewebmax.org/industro/our-team.html]
[thewebmax.org/industro/images/home-11/intro-pic4.png]
[thewebmax.org/industro/images/home-11/client-logo/w1.png]
[thewebmax.org/industro/images/home-11/client-logo/w2.png]
[thewebmax.org/industro/images/home-11/client-logo/w3.png]
[thewebmax.org/industro/images/home-11/client-logo/w4.png]
[thewebmax.org/industro/images/home-11/client-logo/w5.png]
[thewebmax.org/industro/images/home-11/client-logo/w6.png]
[thewebmax.org/industro/images/home-11/project/1.jpg]
[thewebmax.org/industro/images/home-11/project/2.jpg]
[thewebmax.org/industro/images/home-11/project/3.jpg]
[thewebmax.org/industro/images/home-11/project/4.jpg]
[thewebmax.org/industro/images/home-11/project/5.jpg]
[thewebmax.org/industro/images/home-11/project/6.jpg]
[thewebmax.org/industro/images/home-11/background/bg11.jpg]
[thewebmax.org/industro/images/home-11/testimonials/pic1.jpg]
[thewebmax.org/industro/images/home-11/testimonials/pic2.jpg]
[thewebmax.org/industro/images/home-11/testimonials/pic3.jpg]
[thewebmax.org/industro/images/home-11/blog/bg1.jpg]
[thewebmax.org/industro/images/home-11/blog/bg2.jpg]
[thewebmax.org/industro/images/home-11/blog/bg3.jpg]
[thewebmax.org/industro/images/home-11/blog/bg4.jpg]
[thewebmax.org/industro/images/home-11/blog/bg5.jpg]
[thewebmax.org/industro/images/home-11/blog/bg6.jpg]
[thewebmax.org/industro/js/rev-script-11.js]
[thewebmax.org/industro/index-11a39b.html]
[thewebmax.org/industro/index-1161e7.html]
[thewebmax.org/industro/index-11cce5.html]
[thewebmax.org/industro/index-1113f7.html]
[thewebmax.org/industro/index-1119a6.html]
[thewebmax.org/industro/index-11fe5c.html]
[thewebmax.org/industro/index-11ab47.html]
[thewebmax.org/industro/index-115f8d.html]
[thewebmax.org/industro/index-115663.html]
[thewebmax.org/industro/index-1128ac.html]
[thewebmax.org/industro/index-1126b8.html]
[thewebmax.org/industro/index-11.html]
[thewebmax.org/industro/index-117f4c.html]
[thewebmax.org/industro/css/rev-slider-12.css]
[thewebmax.org/industro/images/home-11/cart/pic-2.jpg]
[thewebmax.org/industro/images/home-11/slider2/slide1.jpg]
[thewebmax.org/industro/images/home-11/slider2/slide2.jpg]
[thewebmax.org/industro/images/home-11/intro-pic2.jpg]
[thewebmax.org/industro/images/home-11/service-features/1.jpg]
[thewebmax.org/industro/images/home-11/service-features/2.jpg]
[thewebmax.org/industro/images/home-11/service-features/3.jpg]
[thewebmax.org/industro/images/home-11/air-cooling.png]
[thewebmax.org/industro/images/home-11/air-heat.png]
[thewebmax.org/industro/images/home-11/ac-gallery/cooling/1.jpg]
[thewebmax.org/industro/images/home-11/ac-gallery/cooling/2.jpg]
[thewebmax.org/industro/images/home-11/ac-gallery/cooling/3.jpg]
[thewebmax.org/industro/images/home-11/ac-gallery/cooling/4.jpg]
[thewebmax.org/industro/images/home-11/ac-gallery/cooling/5.jpg]
[thewebmax.org/industro/images/home-11/ac-gallery/heating/1.jpg]
[thewebmax.org/industro/images/home-11/ac-gallery/heating/2.jpg]
[thewebmax.org/industro/images/home-11/ac-gallery/heating/3.jpg]
[thewebmax.org/industro/images/home-11/ac-gallery/heating/4.jpg]
[thewebmax.org/industro/images/home-11/ac-gallery/heating/5.jpg]
[thewebmax.org/industro/images/home-11/contact-img.jpg]
[thewebmax.org/industro/images/home-11/testimonials-12/pic1.jpg]
[thewebmax.org/industro/images/home-11/testimonials-12/pic2.jpg]
[thewebmax.org/industro/images/home-11/testimonials-12/pic3.jpg]
[thewebmax.org/industro/images/home-11/testimonials-12/pic4.jpg]
[thewebmax.org/industro/images/home-11/testimonials-12/pic5.jpg]
[thewebmax.org/industro/images/home-11/blog12/thum1.jpg]
[thewebmax.org/industro/images/home-11/blog12/thum2.jpg]
[thewebmax.org/industro/images/home-11/blog12/thum3.jpg]
[thewebmax.org/industro/js/rev-script-12.js]
[thewebmax.org/industro/index-12a39b.html]
[thewebmax.org/industro/index-1261e7.html]
[thewebmax.org/industro/index-12cce5.html]
[thewebmax.org/industro/index-1213f7.html]
[thewebmax.org/industro/index-1219a6.html]
[thewebmax.org/industro/index-12fe5c.html]
[thewebmax.org/industro/index-12ab47.html]
[thewebmax.org/industro/index-125f8d.html]
[thewebmax.org/industro/index-125663.html]
[thewebmax.org/industro/index-1228ac.html]
[thewebmax.org/industro/index-1226b8.html]
[thewebmax.org/industro/index-12.html]
[thewebmax.org/industro/index-127f4c.html]
[thewebmax.org/industro/images/banner/3.jpg]
[thewebmax.org/industro/about-1a39b.html]
[thewebmax.org/industro/about-161e7.html]
[thewebmax.org/industro/about-1cce5.html]
[thewebmax.org/industro/about-113f7.html]
[thewebmax.org/industro/about-119a6.html]
[thewebmax.org/industro/about-1fe5c.html]
[thewebmax.org/industro/about-1ab47.html]
[thewebmax.org/industro/about-15f8d.html]
[thewebmax.org/industro/about-15663.html]
[thewebmax.org/industro/about-128ac.html]
[thewebmax.org/industro/about-126b8.html]
[thewebmax.org/industro/about-1.html]
[thewebmax.org/industro/about-17f4c.html]
[thewebmax.org/industro/about-2a39b.html]
[thewebmax.org/industro/about-261e7.html]
[thewebmax.org/industro/about-2cce5.html]
[thewebmax.org/industro/about-213f7.html]
[thewebmax.org/industro/about-219a6.html]
[thewebmax.org/industro/about-2fe5c.html]
[thewebmax.org/industro/about-2ab47.html]
[thewebmax.org/industro/about-25f8d.html]
[thewebmax.org/industro/about-25663.html]
[thewebmax.org/industro/about-228ac.html]
[thewebmax.org/industro/about-226b8.html]
[thewebmax.org/industro/about-2.html]
[thewebmax.org/industro/about-27f4c.html]
[thewebmax.org/industro/images/banner/2.jpg]
[thewebmax.org/industro/services-1a39b.html]
[thewebmax.org/industro/services-161e7.html]
[thewebmax.org/industro/services-1cce5.html]
[thewebmax.org/industro/services-113f7.html]
[thewebmax.org/industro/services-119a6.html]
[thewebmax.org/industro/services-1fe5c.html]
[thewebmax.org/industro/services-1ab47.html]
[thewebmax.org/industro/services-15f8d.html]
[thewebmax.org/industro/services-15663.html]
[thewebmax.org/industro/services-128ac.html]
[thewebmax.org/industro/services-126b8.html]
[thewebmax.org/industro/services-17f4c.html]
[thewebmax.org/industro/services-1.html]
[thewebmax.org/industro/images/services/1.jpg]
[thewebmax.org/industro/images/services/2.jpg]
[thewebmax.org/industro/images/services/3.jpg]
[thewebmax.org/industro/images/services/4.jpg]
[thewebmax.org/industro/images/services/5.jpg]
[thewebmax.org/industro/images/services/6.jpg]
[thewebmax.org/industro/services-2a39b.html]
[thewebmax.org/industro/services-261e7.html]
[thewebmax.org/industro/services-2cce5.html]
[thewebmax.org/industro/services-213f7.html]
[thewebmax.org/industro/services-219a6.html]
[thewebmax.org/industro/services-2fe5c.html]
[thewebmax.org/industro/services-2ab47.html]
[thewebmax.org/industro/services-25f8d.html]
[thewebmax.org/industro/services-25663.html]
[thewebmax.org/industro/services-228ac.html]
[thewebmax.org/industro/services-226b8.html]
[thewebmax.org/industro/services-27f4c.html]
[thewebmax.org/industro/services-2.html]
[thewebmax.org/industro/images/services/large/pic9.jpg]
[thewebmax.org/industro/images/gallery/pic3.jpg]
[thewebmax.org/industro/s-agriculturala39b.html]
[thewebmax.org/industro/s-agricultural61e7.html]
[thewebmax.org/industro/s-agriculturalcce5.html]
[thewebmax.org/industro/s-agricultural13f7.html]
[thewebmax.org/industro/s-agricultural19a6.html]
[thewebmax.org/industro/s-agriculturalfe5c.html]
[thewebmax.org/industro/s-agriculturalab47.html]
[thewebmax.org/industro/s-agricultural5f8d.html]
[thewebmax.org/industro/s-agricultural5663.html]
[thewebmax.org/industro/s-agricultural28ac.html]
[thewebmax.org/industro/s-agricultural26b8.html]
[thewebmax.org/industro/s-agricultural.html]
[thewebmax.org/industro/s-agricultural7f4c.html]
[thewebmax.org/industro/images/services/large/pic4.jpg]
[thewebmax.org/industro/s-automotivea39b.html]
[thewebmax.org/industro/s-automotive61e7.html]
[thewebmax.org/industro/s-automotivecce5.html]
[thewebmax.org/industro/s-automotive13f7.html]
[thewebmax.org/industro/s-automotive19a6.html]
[thewebmax.org/industro/s-automotivefe5c.html]
[thewebmax.org/industro/s-automotiveab47.html]
[thewebmax.org/industro/s-automotive5f8d.html]
[thewebmax.org/industro/s-automotive5663.html]
[thewebmax.org/industro/s-automotive28ac.html]
[thewebmax.org/industro/s-automotive26b8.html]
[thewebmax.org/industro/s-automotive.html]
[thewebmax.org/industro/s-automotive7f4c.html]
[thewebmax.org/industro/images/services/large/pic5.jpg]
[thewebmax.org/industro/s-chemicala39b.html]
[thewebmax.org/industro/s-chemical61e7.html]
[thewebmax.org/industro/s-chemicalcce5.html]
[thewebmax.org/industro/s-chemical13f7.html]
[thewebmax.org/industro/s-chemical19a6.html]
[thewebmax.org/industro/s-chemicalfe5c.html]
[thewebmax.org/industro/s-chemicalab47.html]
[thewebmax.org/industro/s-chemical5f8d.html]
[thewebmax.org/industro/s-chemical5663.html]
[thewebmax.org/industro/s-chemical28ac.html]
[thewebmax.org/industro/s-chemical26b8.html]
[thewebmax.org/industro/s-chemical.html]
[thewebmax.org/industro/s-chemical7f4c.html]
[thewebmax.org/industro/images/services/large/pic11.jpg]
[thewebmax.org/industro/s-civila39b.html]
[thewebmax.org/industro/s-civil61e7.html]
[thewebmax.org/industro/s-civilcce5.html]
[thewebmax.org/industro/s-civil13f7.html]
[thewebmax.org/industro/s-civil19a6.html]
[thewebmax.org/industro/s-civilfe5c.html]
[thewebmax.org/industro/s-civilab47.html]
[thewebmax.org/industro/s-civil5f8d.html]
[thewebmax.org/industro/s-civil5663.html]
[thewebmax.org/industro/s-civil28ac.html]
[thewebmax.org/industro/s-civil26b8.html]
[thewebmax.org/industro/s-civil.html]
[thewebmax.org/industro/s-civil7f4c.html]
[thewebmax.org/industro/images/services/large/pic8.jpg]
[thewebmax.org/industro/s-mechanicala39b.html]
[thewebmax.org/industro/s-mechanical61e7.html]
[thewebmax.org/industro/s-mechanicalcce5.html]
[thewebmax.org/industro/s-mechanical13f7.html]
[thewebmax.org/industro/s-mechanical19a6.html]
[thewebmax.org/industro/s-mechanicalfe5c.html]
[thewebmax.org/industro/s-mechanicalab47.html]
[thewebmax.org/industro/s-mechanical5f8d.html]
[thewebmax.org/industro/s-mechanical5663.html]
[thewebmax.org/industro/s-mechanical28ac.html]
[thewebmax.org/industro/s-mechanical26b8.html]
[thewebmax.org/industro/s-mechanical.html]
[thewebmax.org/industro/s-mechanical7f4c.html]
[thewebmax.org/industro/images/services/large/pic1.jpg]
[thewebmax.org/industro/s-oilgasa39b.html]
[thewebmax.org/industro/s-oilgas61e7.html]
[thewebmax.org/industro/s-oilgascce5.html]
[thewebmax.org/industro/s-oilgas13f7.html]
[thewebmax.org/industro/s-oilgas19a6.html]
[thewebmax.org/industro/s-oilgasfe5c.html]
[thewebmax.org/industro/s-oilgasab47.html]
[thewebmax.org/industro/s-oilgas5f8d.html]
[thewebmax.org/industro/s-oilgas5663.html]
[thewebmax.org/industro/s-oilgas28ac.html]
[thewebmax.org/industro/s-oilgas26b8.html]
[thewebmax.org/industro/s-oilgas.html]
[thewebmax.org/industro/s-oilgas7f4c.html]
[thewebmax.org/industro/images/services/large/pic3.jpg]
[thewebmax.org/industro/s-power-energya39b.html]
[thewebmax.org/industro/s-power-energy61e7.html]
[thewebmax.org/industro/s-power-energycce5.html]
[thewebmax.org/industro/s-power-energy13f7.html]
[thewebmax.org/industro/s-power-energy19a6.html]
[thewebmax.org/industro/s-power-energyfe5c.html]
[thewebmax.org/industro/s-power-energyab47.html]
[thewebmax.org/industro/s-power-energy5f8d.html]
[thewebmax.org/industro/s-power-energy5663.html]
[thewebmax.org/industro/s-power-energy28ac.html]
[thewebmax.org/industro/s-power-energy26b8.html]
[thewebmax.org/industro/s-power-energy.html]
[thewebmax.org/industro/s-power-energy7f4c.html]
[thewebmax.org/industro/images/banner/5.jpg]
[thewebmax.org/industro/images/gallery/thumb/pic7.jpg]
[thewebmax.org/industro/images/gallery/thumb/pic8.jpg]
[thewebmax.org/industro/images/gallery/thumb/pic9.jpg]
[thewebmax.org/industro/project-grida39b.html]
[thewebmax.org/industro/project-grid61e7.html]
[thewebmax.org/industro/project-gridcce5.html]
[thewebmax.org/industro/project-grid13f7.html]
[thewebmax.org/industro/project-grid19a6.html]
[thewebmax.org/industro/project-gridfe5c.html]
[thewebmax.org/industro/project-gridab47.html]
[thewebmax.org/industro/project-grid5f8d.html]
[thewebmax.org/industro/project-grid5663.html]
[thewebmax.org/industro/project-grid28ac.html]
[thewebmax.org/industro/project-grid26b8.html]
[thewebmax.org/industro/project-grid7f4c.html]
[thewebmax.org/industro/project-grid.html]
[thewebmax.org/industro/images/banner/8.jpg]
[thewebmax.org/industro/images/gallery/pic1.jpg]
[thewebmax.org/industro/images/gallery/pic5.jpg]
[thewebmax.org/industro/images/gallery/pic4.jpg]
[thewebmax.org/industro/images/gallery/pic2.jpg]
[thewebmax.org/industro/project-masonrya39b.html]
[thewebmax.org/industro/project-masonry61e7.html]
[thewebmax.org/industro/project-masonrycce5.html]
[thewebmax.org/industro/project-masonry13f7.html]
[thewebmax.org/industro/project-masonry19a6.html]
[thewebmax.org/industro/project-masonryfe5c.html]
[thewebmax.org/industro/project-masonryab47.html]
[thewebmax.org/industro/project-masonry5f8d.html]
[thewebmax.org/industro/project-masonry5663.html]
[thewebmax.org/industro/project-masonry28ac.html]
[thewebmax.org/industro/project-masonry26b8.html]
[thewebmax.org/industro/project-masonry7f4c.html]
[thewebmax.org/industro/project-masonry.html]
[thewebmax.org/industro/project-carousela39b.html]
[thewebmax.org/industro/project-carousel61e7.html]
[thewebmax.org/industro/project-carouselcce5.html]
[thewebmax.org/industro/project-carousel13f7.html]
[thewebmax.org/industro/project-carousel19a6.html]
[thewebmax.org/industro/project-carouselfe5c.html]
[thewebmax.org/industro/project-carouselab47.html]
[thewebmax.org/industro/project-carousel5f8d.html]
[thewebmax.org/industro/project-carousel5663.html]
[thewebmax.org/industro/project-carousel28ac.html]
[thewebmax.org/industro/project-carousel26b8.html]
[thewebmax.org/industro/project-carousel7f4c.html]
[thewebmax.org/industro/project-carousel.html]
[thewebmax.org/industro/project-detaila39b.html]
[thewebmax.org/industro/project-detail61e7.html]
[thewebmax.org/industro/project-detailcce5.html]
[thewebmax.org/industro/project-detail13f7.html]
[thewebmax.org/industro/project-detail19a6.html]
[thewebmax.org/industro/project-detailfe5c.html]
[thewebmax.org/industro/project-detailab47.html]
[thewebmax.org/industro/project-detail5f8d.html]
[thewebmax.org/industro/project-detail5663.html]
[thewebmax.org/industro/project-detail28ac.html]
[thewebmax.org/industro/project-detail26b8.html]
[thewebmax.org/industro/project-detail.html]
[thewebmax.org/industro/project-detail7f4c.html]
[thewebmax.org/industro/our-pricesa39b.html]
[thewebmax.org/industro/our-prices61e7.html]
[thewebmax.org/industro/our-pricescce5.html]
[thewebmax.org/industro/our-prices13f7.html]
[thewebmax.org/industro/our-prices19a6.html]
[thewebmax.org/industro/our-pricesfe5c.html]
[thewebmax.org/industro/our-pricesab47.html]
[thewebmax.org/industro/our-prices5f8d.html]
[thewebmax.org/industro/our-prices5663.html]
[thewebmax.org/industro/our-prices28ac.html]
[thewebmax.org/industro/our-prices26b8.html]
[thewebmax.org/industro/our-prices.html]
[thewebmax.org/industro/our-prices7f4c.html]
[thewebmax.org/industro/images/banner/1.jpg]
[thewebmax.org/industro/icon-fonta39b.html]
[thewebmax.org/industro/icon-font61e7.html]
[thewebmax.org/industro/icon-fontcce5.html]
[thewebmax.org/industro/icon-font13f7.html]
[thewebmax.org/industro/icon-font19a6.html]
[thewebmax.org/industro/icon-fontfe5c.html]
[thewebmax.org/industro/icon-fontab47.html]
[thewebmax.org/industro/icon-font5f8d.html]
[thewebmax.org/industro/icon-font5663.html]
[thewebmax.org/industro/icon-font28ac.html]
[thewebmax.org/industro/icon-font26b8.html]
[thewebmax.org/industro/icon-font.html]
[thewebmax.org/industro/icon-font7f4c.html]
[thewebmax.org/industro/images/banner/7.jpg]
[thewebmax.org/industro/teama39b.html]
[thewebmax.org/industro/team61e7.html]
[thewebmax.org/industro/teamcce5.html]
[thewebmax.org/industro/team13f7.html]
[thewebmax.org/industro/team19a6.html]
[thewebmax.org/industro/teamfe5c.html]
[thewebmax.org/industro/teamab47.html]
[thewebmax.org/industro/team5f8d.html]
[thewebmax.org/industro/team5663.html]
[thewebmax.org/industro/team28ac.html]
[thewebmax.org/industro/team26b8.html]
[thewebmax.org/industro/team.html]
[thewebmax.org/industro/team7f4c.html]
[thewebmax.org/industro/team-singlea39b.html]
[thewebmax.org/industro/team-single61e7.html]
[thewebmax.org/industro/team-singlecce5.html]
[thewebmax.org/industro/team-single13f7.html]
[thewebmax.org/industro/team-single19a6.html]
[thewebmax.org/industro/team-singlefe5c.html]
[thewebmax.org/industro/team-singleab47.html]
[thewebmax.org/industro/team-single5f8d.html]
[thewebmax.org/industro/team-single5663.html]
[thewebmax.org/industro/team-single28ac.html]
[thewebmax.org/industro/team-single26b8.html]
[thewebmax.org/industro/team-single.html]
[thewebmax.org/industro/team-single7f4c.html]
[thewebmax.org/industro/Faqa39b.html]
[thewebmax.org/industro/Faq61e7.html]
[thewebmax.org/industro/Faqcce5.html]
[thewebmax.org/industro/Faq13f7.html]
[thewebmax.org/industro/Faq19a6.html]
[thewebmax.org/industro/Faqfe5c.html]
[thewebmax.org/industro/Faqab47.html]
[thewebmax.org/industro/Faq5f8d.html]
[thewebmax.org/industro/Faq5663.html]
[thewebmax.org/industro/Faq28ac.html]
[thewebmax.org/industro/Faq26b8.html]
[thewebmax.org/industro/Faq.html]
[thewebmax.org/industro/Faq7f4c.html]
[thewebmax.org/industro/images/error/404.png]
[thewebmax.org/industro/error-403a39b.html]
[thewebmax.org/industro/error-40361e7.html]
[thewebmax.org/industro/error-403cce5.html]
[thewebmax.org/industro/error-40313f7.html]
[thewebmax.org/industro/error-40319a6.html]
[thewebmax.org/industro/error-403fe5c.html]
[thewebmax.org/industro/error-403ab47.html]
[thewebmax.org/industro/error-4035f8d.html]
[thewebmax.org/industro/error-4035663.html]
[thewebmax.org/industro/error-40328ac.html]
[thewebmax.org/industro/error-40326b8.html]
[thewebmax.org/industro/error-403.html]
[thewebmax.org/industro/error-4037f4c.html]
[thewebmax.org/industro/images/error/404-sep.png]
[thewebmax.org/industro/error-404a39b.html]
[thewebmax.org/industro/error-40461e7.html]
[thewebmax.org/industro/error-404cce5.html]
[thewebmax.org/industro/error-40413f7.html]
[thewebmax.org/industro/error-40419a6.html]
[thewebmax.org/industro/error-404fe5c.html]
[thewebmax.org/industro/error-404ab47.html]
[thewebmax.org/industro/error-4045f8d.html]
[thewebmax.org/industro/error-4045663.html]
[thewebmax.org/industro/error-40428ac.html]
[thewebmax.org/industro/error-40426b8.html]
[thewebmax.org/industro/error-404.html]
[thewebmax.org/industro/error-4047f4c.html]
[thewebmax.org/industro/error-405a39b.html]
[thewebmax.org/industro/error-40561e7.html]
[thewebmax.org/industro/error-405cce5.html]
[thewebmax.org/industro/error-40513f7.html]
[thewebmax.org/industro/error-40519a6.html]
[thewebmax.org/industro/error-405fe5c.html]
[thewebmax.org/industro/error-405ab47.html]
[thewebmax.org/industro/error-4055f8d.html]
[thewebmax.org/industro/error-4055663.html]
[thewebmax.org/industro/error-40528ac.html]
[thewebmax.org/industro/error-40526b8.html]
[thewebmax.org/industro/error-405.html]
[thewebmax.org/industro/error-4057f4c.html]
[thewebmax.org/industro/js/map.script.js]
[thewebmax.org/industro/contact-161e7.html]
[thewebmax.org/industro/contact-1a39b.html]
[thewebmax.org/industro/contact-1cce5.html]
[thewebmax.org/industro/contact-113f7.html]
[thewebmax.org/industro/contact-119a6.html]
[thewebmax.org/industro/contact-1fe5c.html]
[thewebmax.org/industro/contact-1ab47.html]
[thewebmax.org/industro/contact-15f8d.html]
[thewebmax.org/industro/contact-15663.html]
[thewebmax.org/industro/contact-128ac.html]
[thewebmax.org/industro/contact-126b8.html]
[thewebmax.org/industro/contact-1.html]
[thewebmax.org/industro/contact-17f4c.html]
[thewebmax.org/industro/images/products/pic-1.jpg]
[thewebmax.org/industro/images/products/pic-2.jpg]
[thewebmax.org/industro/images/products/pic-3.jpg]
[thewebmax.org/industro/images/products/pic-4.jpg]
[thewebmax.org/industro/images/products/pic-5.jpg]
[thewebmax.org/industro/images/products/pic-6.jpg]
[thewebmax.org/industro/images/products/pic-7.jpg]
[thewebmax.org/industro/images/products/pic-8.jpg]
[thewebmax.org/industro/images/products/pic-9.jpg]
[thewebmax.org/industro/images/blog/recent-blog/pic1.jpg]
[thewebmax.org/industro/images/blog/recent-blog/pic2.jpg]
[thewebmax.org/industro/images/blog/recent-blog/pic3.jpg]
[thewebmax.org/industro/producta39b.html]
[thewebmax.org/industro/product61e7.html]
[thewebmax.org/industro/productcce5.html]
[thewebmax.org/industro/product13f7.html]
[thewebmax.org/industro/product19a6.html]
[thewebmax.org/industro/productfe5c.html]
[thewebmax.org/industro/productab47.html]
[thewebmax.org/industro/product5f8d.html]
[thewebmax.org/industro/product5663.html]
[thewebmax.org/industro/product28ac.html]
[thewebmax.org/industro/product26b8.html]
[thewebmax.org/industro/product.html]
[thewebmax.org/industro/product7f4c.html]
[thewebmax.org/industro/images/products/thumb/pic1.jpg]
[thewebmax.org/industro/images/products/thumb/pic2.jpg]
[thewebmax.org/industro/images/products/thumb/pic3.jpg]
[thewebmax.org/industro/images/products/thumb/pic4.jpg]
[thewebmax.org/industro/images/products/thumb/pic5.jpg]
[thewebmax.org/industro/product-detaila39b.html]
[thewebmax.org/industro/product-detail61e7.html]
[thewebmax.org/industro/product-detailcce5.html]
[thewebmax.org/industro/product-detail13f7.html]
[thewebmax.org/industro/product-detail19a6.html]
[thewebmax.org/industro/product-detailfe5c.html]
[thewebmax.org/industro/product-detailab47.html]
[thewebmax.org/industro/product-detail5f8d.html]
[thewebmax.org/industro/product-detail5663.html]
[thewebmax.org/industro/product-detail28ac.html]
[thewebmax.org/industro/product-detail26b8.html]
[thewebmax.org/industro/product-detail.html]
[thewebmax.org/industro/product-detail7f4c.html]
[thewebmax.org/industro/images/banner/6.jpg]
[thewebmax.org/industro/images/cart/thumb/pic2.jpg]
[thewebmax.org/industro/images/cart/thumb/pic3.jpg]
[thewebmax.org/industro/shopping-carta39b.html]
[thewebmax.org/industro/shopping-cart61e7.html]
[thewebmax.org/industro/shopping-cartcce5.html]
[thewebmax.org/industro/shopping-cart13f7.html]
[thewebmax.org/industro/shopping-cart19a6.html]
[thewebmax.org/industro/shopping-cartfe5c.html]
[thewebmax.org/industro/shopping-cartab47.html]
[thewebmax.org/industro/shopping-cart5f8d.html]
[thewebmax.org/industro/shopping-cart5663.html]
[thewebmax.org/industro/shopping-cart28ac.html]
[thewebmax.org/industro/shopping-cart26b8.html]
[thewebmax.org/industro/shopping-cart7f4c.html]
[thewebmax.org/industro/shopping-cart.html]
[thewebmax.org/industro/checkouta39b.html]
[thewebmax.org/industro/checkout61e7.html]
[thewebmax.org/industro/checkoutcce5.html]
[thewebmax.org/industro/checkout13f7.html]
[thewebmax.org/industro/checkout19a6.html]
[thewebmax.org/industro/checkoutfe5c.html]
[thewebmax.org/industro/checkoutab47.html]
[thewebmax.org/industro/checkout5f8d.html]
[thewebmax.org/industro/checkout5663.html]
[thewebmax.org/industro/checkout28ac.html]
[thewebmax.org/industro/checkout26b8.html]
[thewebmax.org/industro/checkout.html]
[thewebmax.org/industro/checkout7f4c.html]
[thewebmax.org/industro/wish-lista39b.html]
[thewebmax.org/industro/wish-list61e7.html]
[thewebmax.org/industro/wish-listcce5.html]
[thewebmax.org/industro/wish-list13f7.html]
[thewebmax.org/industro/wish-list19a6.html]
[thewebmax.org/industro/wish-listfe5c.html]
[thewebmax.org/industro/wish-listab47.html]
[thewebmax.org/industro/wish-list5f8d.html]
[thewebmax.org/industro/wish-list5663.html]
[thewebmax.org/industro/wish-list28ac.html]
[thewebmax.org/industro/wish-list26b8.html]
[thewebmax.org/industro/wish-list.html]
[thewebmax.org/industro/wish-list7f4c.html]
[thewebmax.org/industro/images/blog/default/portrait/1.jpg]
[thewebmax.org/industro/images/blog/default/portrait/2.jpg]
[thewebmax.org/industro/images/blog/default/portrait/3.jpg]
[thewebmax.org/industro/images/blog/default/portrait/4.jpg]
[thewebmax.org/industro/images/blog/default/portrait/5.jpg]
[thewebmax.org/industro/images/blog/default/portrait/6.jpg]
[thewebmax.org/industro/images/blog/default/portrait/7.jpg]
[thewebmax.org/industro/images/blog/default/portrait/8.jpg]
[thewebmax.org/industro/images/blog/default/portrait/9.jpg]
[thewebmax.org/industro/blog-grida39b.html]
[thewebmax.org/industro/blog-grid61e7.html]
[thewebmax.org/industro/blog-gridcce5.html]
[thewebmax.org/industro/blog-grid13f7.html]
[thewebmax.org/industro/blog-grid19a6.html]
[thewebmax.org/industro/blog-gridfe5c.html]
[thewebmax.org/industro/blog-gridab47.html]
[thewebmax.org/industro/blog-grid5f8d.html]
[thewebmax.org/industro/blog-grid5663.html]
[thewebmax.org/industro/blog-grid28ac.html]
[thewebmax.org/industro/blog-grid26b8.html]
[thewebmax.org/industro/blog-grid.html]
[thewebmax.org/industro/blog-grid7f4c.html]
[thewebmax.org/industro/images/blog/default/thum4.jpg]
[thewebmax.org/industro/images/blog/default/thum5.jpg]
[thewebmax.org/industro/images/blog/default/thum6.jpg]
[thewebmax.org/industro/images/blog/default/thum7.jpg]
[thewebmax.org/industro/blog-list-sidebara39b.html]
[thewebmax.org/industro/blog-list-sidebar61e7.html]
[thewebmax.org/industro/blog-list-sidebarcce5.html]
[thewebmax.org/industro/blog-list-sidebar13f7.html]
[thewebmax.org/industro/blog-list-sidebar19a6.html]
[thewebmax.org/industro/blog-list-sidebarfe5c.html]
[thewebmax.org/industro/blog-list-sidebarab47.html]
[thewebmax.org/industro/blog-list-sidebar5f8d.html]
[thewebmax.org/industro/blog-list-sidebar5663.html]
[thewebmax.org/industro/blog-list-sidebar28ac.html]
[thewebmax.org/industro/blog-list-sidebar26b8.html]
[thewebmax.org/industro/blog-list-sidebar7f4c.html]
[thewebmax.org/industro/blog-list-sidebar.html]
[thewebmax.org/industro/blog-post-right-sidebara39b.html]
[thewebmax.org/industro/blog-post-right-sidebar61e7.html]
[thewebmax.org/industro/blog-post-right-sidebarcce5.html]
[thewebmax.org/industro/blog-post-right-sidebar13f7.html]
[thewebmax.org/industro/blog-post-right-sidebar19a6.html]
[thewebmax.org/industro/blog-post-right-sidebarfe5c.html]
[thewebmax.org/industro/blog-post-right-sidebarab47.html]
[thewebmax.org/industro/blog-post-right-sidebar5f8d.html]
[thewebmax.org/industro/blog-post-right-sidebar5663.html]
[thewebmax.org/industro/blog-post-right-sidebar28ac.html]
[thewebmax.org/industro/blog-post-right-sidebar26b8.html]
[thewebmax.org/industro/blog-post-right-sidebar.html]
[thewebmax.org/industro/blog-post-right-sidebar7f4c.html]
[thewebmax.org/industro/js/jquery-2.2.0.min.js]
[thewebmax.org/industro/js/popper.min.js]
[thewebmax.org/industro/popper.js]
[thewebmax.org/industro/js/bootstrap.min.js]
[thewebmax.org/industro/js/bootstrap-select.min.js]
[thewebmax.org/industro/js/magnific-popup.min.js]
[thewebmax.org/industro/js/waypoints.min.js]
[thewebmax.org/industro/js/counterup.min.js]
[thewebmax.org/industro/js/waypoints-sticky.min.js]
[thewebmax.org/industro/js/isotope.pkgd.min.js]
[thewebmax.org/industro/js/owl.carousel.min.js]
[thewebmax.org/industro/js/stellar.min.js]
[thewebmax.org/industro/js/theia-sticky-sidebar.js]
[thewebmax.org/industro/js/jquery.bootstrap-touchspin.js]
[thewebmax.org/industro/js/custom.js]
[thewebmax.org/industro/js/lc_lightbox.lite.js]
[thewebmax.org/industro/Trident/index.html]
[thewebmax.org/industro/images/logo-1.png]
[thewebmax.org/industro/css/skin/skin-3.css]
[thewebmax.org/industro/images/logo-3.png]
[thewebmax.org/industro/images/logo-3-light.png]
[thewebmax.org/industro/css/skin/skin-5.css]
[thewebmax.org/industro/images/logo-5.png]
[thewebmax.org/industro/images/logo-5-light.png]
[thewebmax.org/industro/css/skin/skin-6.css]
[thewebmax.org/industro/images/logo-6.png]
[thewebmax.org/industro/images/logo-6-light.png]
[thewebmax.org/industro/css/skin/skin-8.css]
[thewebmax.org/industro/images/logo-8.png]
[thewebmax.org/industro/images/logo-8-light.png]
[thewebmax.org/industro/css/skin/skin-10.css]
[thewebmax.org/industro/images/logo-10.png]
[thewebmax.org/industro/images/logo-10-light.png]
[thewebmax.org/industro/css/skin/skin-11.css]
[thewebmax.org/industro/images/logo-11.png]
[thewebmax.org/industro/images/logo-11-light.png]
[thewebmax.org/industro/css/skin/skin-12.css]
[thewebmax.org/industro/images/logo-12.png]
[thewebmax.org/industro/images/logo-12-light.png]
[thewebmax.org/industro/js/switcher.js]
[thewebmax.org/industro/index-2a39b.html]
[thewebmax.org/industro/index-261e7.html]
[thewebmax.org/industro/index-2cce5.html]
[thewebmax.org/industro/index-213f7.html]
[thewebmax.org/industro/index-219a6.html]
[thewebmax.org/industro/index-2fe5c.html]
[thewebmax.org/industro/index-2ab47.html]
[thewebmax.org/industro/index-25f8d.html]
[thewebmax.org/industro/index-25663.html]
[thewebmax.org/industro/index-228ac.html]
[thewebmax.org/industro/index-226b8.html]
[thewebmax.org/industro/index-27f4c.html]
[thewebmax.org/industro/TweenLite.js]
[thewebmax.org/TweenLite.js]
[thewebmax.org/industro/plugins/revolution/revolution/js/jquery.themepunch.tools.min.js]
[thewebmax.org/industro/Version/index.html]
[thewebmax.org/industro/themepunch.revolution.min.js]
[thewebmax.org/industro/jquery.themepunch.revolution.min.js]
[thewebmax.org/industro/jquery.themepunch.revolution.js]
[thewebmax.org/industro/images/transparent.png]
[thewebmax.org/industro/assets/transparent.png]
[thewebmax.org/industro/plugins/revolution/revolution/js/jquery.themepunch.revolution.min.js]
[thewebmax.org/industro/plugins/revolution/revolution/js/extensions/revolution-plugin.js]
[thewebmax.org/industro/js/rev-script-2.js]
[thewebmax.org/industro/css/fontawesome/fonts/fontawesome-webfont3e6e.svg]
[thewebmax.org/industro/css/owl.video.play.html]
[thewebmax.org/industro/images/background/count-bg.html]
[thewebmax.org/industro/images/background/brush-left.html]
[thewebmax.org/industro/images/background/girl-right.html]
[thewebmax.org/industro/fonts/Flaticon.svg]
[thewebmax.org/industro/fonts/lc_lightbox.svg]
[thewebmax.org/industro/img/patterns/oblique_dots.html]
[thewebmax.org/industro/img/patterns/pattern-1.html]
[thewebmax.org/industro/img/patterns/pattern-dot-1.html]
[thewebmax.org/industro/img/patterns/pattern-dot-2.html]
[thewebmax.org/industro/img/patterns/pattern-dot-b1.html]
[thewebmax.org/industro/img/patterns/pattern-dot-b2.html]
[thewebmax.org/industro/img/patterns/pattern-dot-b3.html]
[thewebmax.org/industro/img/patterns/pattern-dot-b4.html]
[thewebmax.org/industro/img/patterns/pattern-triangle-05.html]
[thewebmax.org/industro/img/patterns/pattern-triangle-10.html]
[thewebmax.org/industro/img/patterns/pattern-triangle-20.html]
[thewebmax.org/industro/img/patterns/pattern-triangle-30.html]
[thewebmax.org/industro/img/patterns/pattern-triangle-40.html]
[thewebmax.org/industro/img/patterns/pattern-ver-line-10.html]
[thewebmax.org/industro/img/patterns/pattern-ver-line-20.html]
[thewebmax.org/industro/img/patterns/pattern-ver-line-30.html]
[thewebmax.org/industro/img/patterns/pattern-ver-line-40.html]
[thewebmax.org/industro/img/patterns/pattern-ver-line-50.html]
[thewebmax.org/industro/plugins/revolution/revolution/fonts/revicons/revicons90c6.svg]
[thewebmax.org/industro/css/skin/skin-1.css]
[thewebmax.org/industro/js/rev-script-1.js]
[thewebmax.org/industro/indexa39b.html]
[thewebmax.org/industro/index61e7.html]
[thewebmax.org/industro/indexcce5.html]
[thewebmax.org/industro/index13f7.html]
[thewebmax.org/industro/index19a6.html]
[thewebmax.org/industro/indexfe5c.html]
[thewebmax.org/industro/indexab47.html]
[thewebmax.org/industro/index5f8d.html]
[thewebmax.org/industro/index5663.html]
[thewebmax.org/industro/index28ac.html]
[thewebmax.org/industro/index26b8.html]
[player.vimeo.com/api/player.js]
[thewebmax.org/industro/index7f4c.html]
[thewebmax.org/industro/css/skin/skin-7.css]
[thewebmax.org/industro/index-3a39b.html]
[thewebmax.org/industro/index-361e7.html]
[thewebmax.org/industro/index-3cce5.html]
[thewebmax.org/industro/index-313f7.html]
[thewebmax.org/industro/index-319a6.html]
[thewebmax.org/industro/index-3fe5c.html]
[thewebmax.org/industro/index-3ab47.html]
[thewebmax.org/industro/index-35f8d.html]
[thewebmax.org/industro/index-35663.html]
[thewebmax.org/industro/index-328ac.html]
[thewebmax.org/industro/index-326b8.html]
[thewebmax.org/industro/index-37f4c.html]
[thewebmax.org/industro/js/rev-script-3.js]
[thewebmax.org/industro/css/skin/skin-2.css]
[thewebmax.org/industro/js/rev-script-4.js]
[thewebmax.org/industro/index-4a39b.html]
[thewebmax.org/industro/index-461e7.html]
[thewebmax.org/industro/index-4cce5.html]
[thewebmax.org/industro/index-413f7.html]
[thewebmax.org/industro/index-419a6.html]
[thewebmax.org/industro/index-4fe5c.html]
[thewebmax.org/industro/index-4ab47.html]
[thewebmax.org/industro/index-45f8d.html]
[thewebmax.org/industro/index-45663.html]
[thewebmax.org/industro/index-428ac.html]
[thewebmax.org/industro/index-426b8.html]
[thewebmax.org/industro/index-47f4c.html]
[thewebmax.org/industro/css/skin/skin-4.css]
[thewebmax.org/industro/js/rev-script-5.js]
[thewebmax.org/industro/index-5a39b.html]
[thewebmax.org/industro/index-561e7.html]
[thewebmax.org/industro/index-5cce5.html]
[thewebmax.org/industro/index-513f7.html]
[thewebmax.org/industro/index-519a6.html]
[thewebmax.org/industro/index-5fe5c.html]
[thewebmax.org/industro/index-5ab47.html]
[thewebmax.org/industro/index-55f8d.html]
[thewebmax.org/industro/index-55663.html]
[thewebmax.org/industro/index-528ac.html]
[thewebmax.org/industro/index-526b8.html]
[thewebmax.org/industro/index-57f4c.html]
[thewebmax.org/industro/index-6a39b.html]
[thewebmax.org/industro/index-661e7.html]
[thewebmax.org/industro/index-6cce5.html]
[thewebmax.org/industro/index-613f7.html]
[thewebmax.org/industro/index-619a6.html]
[thewebmax.org/industro/index-6fe5c.html]
[thewebmax.org/industro/index-6ab47.html]
[thewebmax.org/industro/index-65f8d.html]
[thewebmax.org/industro/index-65663.html]
[thewebmax.org/industro/index-628ac.html]
[thewebmax.org/industro/index-626b8.html]
[thewebmax.org/industro/index-67f4c.html]
[thewebmax.org/industro/js/rev-script-6.js]
[thewebmax.org/industro/js/rev-script-7.js]
[thewebmax.org/industro/index-7a39b.html]
[thewebmax.org/industro/index-761e7.html]
[thewebmax.org/industro/index-7cce5.html]
[thewebmax.org/industro/index-713f7.html]
[thewebmax.org/industro/index-719a6.html]
[thewebmax.org/industro/index-7fe5c.html]
[thewebmax.org/industro/index-7ab47.html]
[thewebmax.org/industro/index-75f8d.html]
[thewebmax.org/industro/index-75663.html]
[thewebmax.org/industro/index-728ac.html]
[thewebmax.org/industro/index-726b8.html]
[thewebmax.org/industro/index-77f4c.html]
[thewebmax.org/industro/js/rev-script-8.js]
[thewebmax.org/industro/index-8a39b.html]
[thewebmax.org/industro/index-861e7.html]
[thewebmax.org/industro/index-8cce5.html]
[thewebmax.org/industro/index-813f7.html]
[thewebmax.org/industro/index-819a6.html]
[thewebmax.org/industro/index-8fe5c.html]
[thewebmax.org/industro/index-8ab47.html]
[thewebmax.org/industro/index-85f8d.html]
[thewebmax.org/industro/index-85663.html]
[thewebmax.org/industro/index-828ac.html]
[thewebmax.org/industro/index-826b8.html]
[thewebmax.org/industro/index-87f4c.html]
[thewebmax.org/industro/contact.html]
[thewebmax.org/industro/project-single.html]
[thewebmax.org/industro/js/rev-script-9.js]
[thewebmax.org/industro/index-9a39b.html]
[thewebmax.org/industro/index-961e7.html]
[thewebmax.org/industro/index-9cce5.html]
[thewebmax.org/industro/index-913f7.html]
[thewebmax.org/industro/index-919a6.html]
[thewebmax.org/industro/index-9fe5c.html]
[thewebmax.org/industro/index-9ab47.html]
[thewebmax.org/industro/index-95f8d.html]
[thewebmax.org/industro/index-95663.html]
[thewebmax.org/industro/index-928ac.html]
[thewebmax.org/industro/index-926b8.html]
[thewebmax.org/industro/index-97f4c.html]
[thewebmax.org/industro/js/rev-script-10.js]
[thewebmax.org/industro/index-10a39b.html]
[thewebmax.org/industro/index-1061e7.html]
[thewebmax.org/industro/index-10cce5.html]
[thewebmax.org/industro/index-1013f7.html]
[thewebmax.org/industro/index-1019a6.html]
[thewebmax.org/industro/index-10fe5c.html]
[thewebmax.org/industro/index-10ab47.html]
[thewebmax.org/industro/index-105f8d.html]
[thewebmax.org/industro/index-105663.html]
[thewebmax.org/industro/index-1028ac.html]
[thewebmax.org/industro/index-1026b8.html]
[thewebmax.org/industro/index-107f4c.html]
[thewebmax.org/industro/images/background/building-bg.html]
[thewebmax.org/industro/service-detail.html]
[thewebmax.org/industro/our-team-detail.html]
[thewebmax.org/industro/our-team.html]
[thewebmax.org/industro/js/rev-script-11.js]
[thewebmax.org/industro/index-11a39b.html]
[thewebmax.org/industro/index-1161e7.html]
[thewebmax.org/industro/index-11cce5.html]
[thewebmax.org/industro/index-1113f7.html]
[thewebmax.org/industro/index-1119a6.html]
[thewebmax.org/industro/index-11fe5c.html]
[thewebmax.org/industro/index-11ab47.html]
[thewebmax.org/industro/index-115f8d.html]
[thewebmax.org/industro/index-115663.html]
[thewebmax.org/industro/index-1128ac.html]
[thewebmax.org/industro/index-1126b8.html]
[thewebmax.org/industro/index-117f4c.html]
[thewebmax.org/industro/css/rev-slider-12.css]
[thewebmax.org/industro/js/rev-script-12.js]
[thewebmax.org/industro/index-12a39b.html]
[thewebmax.org/industro/index-1261e7.html]
[thewebmax.org/industro/index-12cce5.html]
[thewebmax.org/industro/index-1213f7.html]
[thewebmax.org/industro/index-1219a6.html]
[thewebmax.org/industro/index-12fe5c.html]
[thewebmax.org/industro/index-12ab47.html]
[thewebmax.org/industro/index-125f8d.html]
[thewebmax.org/industro/index-125663.html]
[thewebmax.org/industro/index-1228ac.html]
[thewebmax.org/industro/index-1226b8.html]
[thewebmax.org/industro/index-127f4c.html]
[thewebmax.org/industro/about-1a39b.html]
[thewebmax.org/industro/about-161e7.html]
[thewebmax.org/industro/about-1cce5.html]
[thewebmax.org/industro/about-113f7.html]
[thewebmax.org/industro/about-119a6.html]
[thewebmax.org/industro/about-1fe5c.html]
[thewebmax.org/industro/about-1ab47.html]
[thewebmax.org/industro/about-15f8d.html]
[thewebmax.org/industro/about-15663.html]
[thewebmax.org/industro/about-128ac.html]
[thewebmax.org/industro/about-126b8.html]
[thewebmax.org/industro/about-17f4c.html]
[thewebmax.org/industro/about-2a39b.html]
[thewebmax.org/industro/about-261e7.html]
[thewebmax.org/industro/about-2cce5.html]
[thewebmax.org/industro/about-213f7.html]
[thewebmax.org/industro/about-219a6.html]
[thewebmax.org/industro/about-2fe5c.html]
[thewebmax.org/industro/about-2ab47.html]
[thewebmax.org/industro/about-25f8d.html]
[thewebmax.org/industro/about-25663.html]
[thewebmax.org/industro/about-228ac.html]
[thewebmax.org/industro/about-226b8.html]
[thewebmax.org/industro/about-27f4c.html]
[thewebmax.org/industro/services-1a39b.html]
[thewebmax.org/industro/services-161e7.html]
[thewebmax.org/industro/services-1cce5.html]
[thewebmax.org/industro/services-113f7.html]
[thewebmax.org/industro/services-119a6.html]
[thewebmax.org/industro/services-1fe5c.html]
[thewebmax.org/industro/services-1ab47.html]
[thewebmax.org/industro/services-15f8d.html]
[thewebmax.org/industro/services-15663.html]
[thewebmax.org/industro/services-128ac.html]
[thewebmax.org/industro/services-126b8.html]
[thewebmax.org/industro/services-17f4c.html]
[thewebmax.org/industro/services-2a39b.html]
[thewebmax.org/industro/services-261e7.html]
[thewebmax.org/industro/services-2cce5.html]
[thewebmax.org/industro/services-213f7.html]
[thewebmax.org/industro/services-219a6.html]
[thewebmax.org/industro/services-2fe5c.html]
[thewebmax.org/industro/services-2ab47.html]
[thewebmax.org/industro/services-25f8d.html]
[thewebmax.org/industro/services-25663.html]
[thewebmax.org/industro/services-228ac.html]
[thewebmax.org/industro/services-226b8.html]
[thewebmax.org/industro/services-27f4c.html]
[thewebmax.org/industro/s-agriculturala39b.html]
[thewebmax.org/industro/s-agricultural61e7.html]
[thewebmax.org/industro/s-agriculturalcce5.html]
[thewebmax.org/industro/s-agricultural13f7.html]
[thewebmax.org/industro/s-agricultural19a6.html]
[thewebmax.org/industro/s-agriculturalfe5c.html]
[thewebmax.org/industro/s-agriculturalab47.html]
[thewebmax.org/industro/s-agricultural5f8d.html]
[thewebmax.org/industro/s-agricultural5663.html]
[thewebmax.org/industro/s-agricultural28ac.html]
[thewebmax.org/industro/s-agricultural26b8.html]
[thewebmax.org/industro/s-agricultural7f4c.html]
[thewebmax.org/industro/s-automotivea39b.html]
[thewebmax.org/industro/s-automotive61e7.html]
[thewebmax.org/industro/s-automotivecce5.html]
[thewebmax.org/industro/s-automotive13f7.html]
[thewebmax.org/industro/s-automotive19a6.html]
[thewebmax.org/industro/s-automotivefe5c.html]
[thewebmax.org/industro/s-automotiveab47.html]
[thewebmax.org/industro/s-automotive5f8d.html]
[thewebmax.org/industro/s-automotive5663.html]
[thewebmax.org/industro/s-automotive28ac.html]
[thewebmax.org/industro/s-automotive26b8.html]
[thewebmax.org/industro/s-automotive7f4c.html]
[thewebmax.org/industro/s-chemicala39b.html]
[thewebmax.org/industro/s-chemical61e7.html]
[thewebmax.org/industro/s-chemicalcce5.html]
[thewebmax.org/industro/s-chemical13f7.html]
[thewebmax.org/industro/s-chemical19a6.html]
[thewebmax.org/industro/s-chemicalfe5c.html]
[thewebmax.org/industro/s-chemicalab47.html]
[thewebmax.org/industro/s-chemical5f8d.html]
[thewebmax.org/industro/s-chemical5663.html]
[thewebmax.org/industro/s-chemical28ac.html]
[thewebmax.org/industro/s-chemical26b8.html]
[thewebmax.org/industro/s-chemical7f4c.html]
[thewebmax.org/industro/s-civila39b.html]
[thewebmax.org/industro/s-civil61e7.html]
[thewebmax.org/industro/s-civilcce5.html]
[thewebmax.org/industro/s-civil13f7.html]
[thewebmax.org/industro/s-civil19a6.html]
[thewebmax.org/industro/s-civilfe5c.html]
[thewebmax.org/industro/s-civilab47.html]
[thewebmax.org/industro/s-civil5f8d.html]
[thewebmax.org/industro/s-civil5663.html]
[thewebmax.org/industro/s-civil28ac.html]
[thewebmax.org/industro/s-civil26b8.html]
[thewebmax.org/industro/s-civil7f4c.html]
[thewebmax.org/industro/s-mechanicala39b.html]
[thewebmax.org/industro/s-mechanical61e7.html]
[thewebmax.org/industro/s-mechanicalcce5.html]
[thewebmax.org/industro/s-mechanical13f7.html]
[thewebmax.org/industro/s-mechanical19a6.html]
[thewebmax.org/industro/s-mechanicalfe5c.html]
[thewebmax.org/industro/s-mechanicalab47.html]
[thewebmax.org/industro/s-mechanical5f8d.html]
[thewebmax.org/industro/s-mechanical5663.html]
[thewebmax.org/industro/s-mechanical28ac.html]
[thewebmax.org/industro/s-mechanical26b8.html]
[thewebmax.org/industro/s-mechanical7f4c.html]
[thewebmax.org/industro/s-oilgasa39b.html]
[thewebmax.org/industro/s-oilgas61e7.html]
[thewebmax.org/industro/s-oilgascce5.html]
[thewebmax.org/industro/s-oilgas13f7.html]
[thewebmax.org/industro/s-oilgas19a6.html]
[thewebmax.org/industro/s-oilgasfe5c.html]
[thewebmax.org/industro/s-oilgasab47.html]
[thewebmax.org/industro/s-oilgas5f8d.html]
[thewebmax.org/industro/s-oilgas5663.html]
[thewebmax.org/industro/s-oilgas28ac.html]
[thewebmax.org/industro/s-oilgas26b8.html]
[thewebmax.org/industro/s-oilgas7f4c.html]
[thewebmax.org/industro/s-power-energya39b.html]
[thewebmax.org/industro/s-power-energy61e7.html]
[thewebmax.org/industro/s-power-energycce5.html]
[thewebmax.org/industro/s-power-energy13f7.html]
[thewebmax.org/industro/s-power-energy19a6.html]
[thewebmax.org/industro/s-power-energyfe5c.html]
[thewebmax.org/industro/s-power-energyab47.html]
[thewebmax.org/industro/s-power-energy5f8d.html]
[thewebmax.org/industro/s-power-energy5663.html]
[thewebmax.org/industro/s-power-energy28ac.html]
[thewebmax.org/industro/s-power-energy26b8.html]
[thewebmax.org/industro/s-power-energy7f4c.html]
[thewebmax.org/industro/project-grida39b.html]
[thewebmax.org/industro/project-grid61e7.html]
[thewebmax.org/industro/project-gridcce5.html]
[thewebmax.org/industro/project-grid13f7.html]
[thewebmax.org/industro/project-grid19a6.html]
[thewebmax.org/industro/project-gridfe5c.html]
[thewebmax.org/industro/project-gridab47.html]
[thewebmax.org/industro/project-grid5f8d.html]
[thewebmax.org/industro/project-grid5663.html]
[thewebmax.org/industro/project-grid28ac.html]
[thewebmax.org/industro/project-grid26b8.html]
[thewebmax.org/industro/project-grid7f4c.html]
[thewebmax.org/industro/project-masonrya39b.html]
[thewebmax.org/industro/project-masonry61e7.html]
[thewebmax.org/industro/project-masonrycce5.html]
[thewebmax.org/industro/project-masonry13f7.html]
[thewebmax.org/industro/project-masonry19a6.html]
[thewebmax.org/industro/project-masonryfe5c.html]
[thewebmax.org/industro/project-masonryab47.html]
[thewebmax.org/industro/project-masonry5f8d.html]
[thewebmax.org/industro/project-masonry5663.html]
[thewebmax.org/industro/project-masonry28ac.html]
[thewebmax.org/industro/project-masonry26b8.html]
[thewebmax.org/industro/project-masonry7f4c.html]
[thewebmax.org/industro/project-carousela39b.html]
[thewebmax.org/industro/project-carousel61e7.html]
[thewebmax.org/industro/project-carouselcce5.html]
[thewebmax.org/industro/project-carousel13f7.html]
[thewebmax.org/industro/project-carousel19a6.html]
[thewebmax.org/industro/project-carouselfe5c.html]
[thewebmax.org/industro/project-carouselab47.html]
[thewebmax.org/industro/project-carousel5f8d.html]
[thewebmax.org/industro/project-carousel5663.html]
[thewebmax.org/industro/project-carousel28ac.html]
[thewebmax.org/industro/project-carousel26b8.html]
[thewebmax.org/industro/project-carousel7f4c.html]
[thewebmax.org/industro/project-detaila39b.html]
[thewebmax.org/industro/project-detail61e7.html]
[thewebmax.org/industro/project-detailcce5.html]
[thewebmax.org/industro/project-detail13f7.html]
[thewebmax.org/industro/project-detail19a6.html]
[thewebmax.org/industro/project-detailfe5c.html]
[thewebmax.org/industro/project-detailab47.html]
[thewebmax.org/industro/project-detail5f8d.html]
[thewebmax.org/industro/project-detail5663.html]
[thewebmax.org/industro/project-detail28ac.html]
[thewebmax.org/industro/project-detail26b8.html]
[thewebmax.org/industro/project-detail7f4c.html]
[thewebmax.org/industro/our-pricesa39b.html]
[thewebmax.org/industro/our-prices61e7.html]
[thewebmax.org/industro/our-pricescce5.html]
[thewebmax.org/industro/our-prices13f7.html]
[thewebmax.org/industro/our-prices19a6.html]
[thewebmax.org/industro/our-pricesfe5c.html]
[thewebmax.org/industro/our-pricesab47.html]
[thewebmax.org/industro/our-prices5f8d.html]
[thewebmax.org/industro/our-prices5663.html]
[thewebmax.org/industro/our-prices28ac.html]
[thewebmax.org/industro/our-prices26b8.html]
[thewebmax.org/industro/our-prices7f4c.html]
[thewebmax.org/industro/icon-fonta39b.html]
[thewebmax.org/industro/icon-font61e7.html]
[thewebmax.org/industro/icon-fontcce5.html]
[thewebmax.org/industro/icon-font13f7.html]
[thewebmax.org/industro/icon-font19a6.html]
[thewebmax.org/industro/icon-fontfe5c.html]
[thewebmax.org/industro/icon-fontab47.html]
[thewebmax.org/industro/icon-font5f8d.html]
[thewebmax.org/industro/icon-font5663.html]
[thewebmax.org/industro/icon-font28ac.html]
[thewebmax.org/industro/icon-font26b8.html]
[thewebmax.org/industro/icon-font7f4c.html]
[thewebmax.org/industro/teama39b.html]
[thewebmax.org/industro/team61e7.html]
[thewebmax.org/industro/teamcce5.html]
[thewebmax.org/industro/team13f7.html]
[thewebmax.org/industro/team19a6.html]
[thewebmax.org/industro/teamfe5c.html]
[thewebmax.org/industro/teamab47.html]
[thewebmax.org/industro/team5f8d.html]
[thewebmax.org/industro/team5663.html]
[thewebmax.org/industro/team28ac.html]
[thewebmax.org/industro/team26b8.html]
[thewebmax.org/industro/team7f4c.html]
[thewebmax.org/industro/team-singlea39b.html]
[thewebmax.org/industro/team-single61e7.html]
[thewebmax.org/industro/team-singlecce5.html]
[thewebmax.org/industro/team-single13f7.html]
[thewebmax.org/industro/team-single19a6.html]
[thewebmax.org/industro/team-singlefe5c.html]
[thewebmax.org/industro/team-singleab47.html]
[thewebmax.org/industro/team-single5f8d.html]
[thewebmax.org/industro/team-single5663.html]
[thewebmax.org/industro/team-single28ac.html]
[thewebmax.org/industro/team-single26b8.html]
[thewebmax.org/industro/team-single7f4c.html]
[thewebmax.org/industro/Faqa39b.html]
[thewebmax.org/industro/Faq61e7.html]
[thewebmax.org/industro/Faqcce5.html]
[thewebmax.org/industro/Faq13f7.html]
[thewebmax.org/industro/Faq19a6.html]
[thewebmax.org/industro/Faqfe5c.html]
[thewebmax.org/industro/Faqab47.html]
[thewebmax.org/industro/Faq5f8d.html]
[thewebmax.org/industro/Faq5663.html]
[thewebmax.org/industro/Faq28ac.html]
[thewebmax.org/industro/Faq26b8.html]
[thewebmax.org/industro/Faq7f4c.html]
[thewebmax.org/industro/error-403a39b.html]
[thewebmax.org/industro/error-40361e7.html]
[thewebmax.org/industro/error-403cce5.html]
[thewebmax.org/industro/error-40313f7.html]
[thewebmax.org/industro/error-40319a6.html]
[thewebmax.org/industro/error-403fe5c.html]
[thewebmax.org/industro/error-403ab47.html]
[thewebmax.org/industro/error-4035f8d.html]
[thewebmax.org/industro/error-4035663.html]
[thewebmax.org/industro/error-40328ac.html]
[thewebmax.org/industro/error-40326b8.html]
[thewebmax.org/industro/error-4037f4c.html]
[thewebmax.org/industro/error-404a39b.html]
[thewebmax.org/industro/error-40461e7.html]
[thewebmax.org/industro/error-404cce5.html]
[thewebmax.org/industro/error-40413f7.html]
[thewebmax.org/industro/error-40419a6.html]
[thewebmax.org/industro/error-404fe5c.html]
[thewebmax.org/industro/error-404ab47.html]
[thewebmax.org/industro/error-4045f8d.html]
[thewebmax.org/industro/error-4045663.html]
[thewebmax.org/industro/error-40428ac.html]
[thewebmax.org/industro/error-40426b8.html]
[thewebmax.org/industro/error-4047f4c.html]
[thewebmax.org/industro/error-405a39b.html]
[thewebmax.org/industro/error-40561e7.html]
[thewebmax.org/industro/error-405cce5.html]
[thewebmax.org/industro/error-40513f7.html]
[thewebmax.org/industro/error-40519a6.html]
[thewebmax.org/industro/error-405fe5c.html]
[thewebmax.org/industro/error-405ab47.html]
[thewebmax.org/industro/error-4055f8d.html]
[thewebmax.org/industro/error-4055663.html]
[thewebmax.org/industro/error-40528ac.html]
[thewebmax.org/industro/error-40526b8.html]
[thewebmax.org/industro/error-4057f4c.html]
[thewebmax.org/industro/images/marker.png]
[thewebmax.org/industro/js/map.script.js]
[thewebmax.org/industro/images/marker2.png]
[thewebmax.org/industro/contact-1a39b.html]
[thewebmax.org/industro/contact-161e7.html]
[thewebmax.org/industro/contact-1cce5.html]
[thewebmax.org/industro/contact-113f7.html]
[thewebmax.org/industro/contact-119a6.html]
[thewebmax.org/industro/contact-1fe5c.html]
[thewebmax.org/industro/contact-1ab47.html]
[thewebmax.org/industro/contact-15f8d.html]
[thewebmax.org/industro/contact-15663.html]
[thewebmax.org/industro/contact-128ac.html]
[thewebmax.org/industro/contact-126b8.html]
[thewebmax.org/industro/contact-17f4c.html]
[thewebmax.org/industro/producta39b.html]
[thewebmax.org/industro/product61e7.html]
[thewebmax.org/industro/productcce5.html]
[thewebmax.org/industro/product13f7.html]
[thewebmax.org/industro/product19a6.html]
[thewebmax.org/industro/productfe5c.html]
[thewebmax.org/industro/productab47.html]
[thewebmax.org/industro/product5f8d.html]
[thewebmax.org/industro/product5663.html]
[thewebmax.org/industro/product28ac.html]
[thewebmax.org/industro/product26b8.html]
[thewebmax.org/industro/product7f4c.html]
[thewebmax.org/industro/product-detaila39b.html]
[thewebmax.org/industro/product-detail61e7.html]
[thewebmax.org/industro/product-detailcce5.html]
[thewebmax.org/industro/product-detail13f7.html]
[thewebmax.org/industro/product-detail19a6.html]
[thewebmax.org/industro/product-detailfe5c.html]
[thewebmax.org/industro/product-detailab47.html]
[thewebmax.org/industro/product-detail5f8d.html]
[thewebmax.org/industro/product-detail5663.html]
[thewebmax.org/industro/product-detail28ac.html]
[thewebmax.org/industro/product-detail26b8.html]
[thewebmax.org/industro/product-detail7f4c.html]
[thewebmax.org/industro/shopping-carta39b.html]
[thewebmax.org/industro/shopping-cart61e7.html]
[thewebmax.org/industro/shopping-cartcce5.html]
[thewebmax.org/industro/shopping-cart13f7.html]
[thewebmax.org/industro/shopping-cart19a6.html]
[thewebmax.org/industro/shopping-cartfe5c.html]
[thewebmax.org/industro/shopping-cartab47.html]
[thewebmax.org/industro/shopping-cart5f8d.html]
[thewebmax.org/industro/shopping-cart5663.html]
[thewebmax.org/industro/shopping-cart28ac.html]
[thewebmax.org/industro/shopping-cart26b8.html]
[thewebmax.org/industro/shopping-cart7f4c.html]
[thewebmax.org/industro/checkouta39b.html]
[thewebmax.org/industro/checkout61e7.html]
[thewebmax.org/industro/checkoutcce5.html]
[thewebmax.org/industro/checkout13f7.html]
[thewebmax.org/industro/checkout19a6.html]
[thewebmax.org/industro/checkoutfe5c.html]
[thewebmax.org/industro/checkoutab47.html]
[thewebmax.org/industro/checkout5f8d.html]
[thewebmax.org/industro/checkout5663.html]
[thewebmax.org/industro/checkout28ac.html]
[thewebmax.org/industro/checkout26b8.html]
[thewebmax.org/industro/checkout7f4c.html]
[thewebmax.org/industro/wish-lista39b.html]
[thewebmax.org/industro/wish-list61e7.html]
[thewebmax.org/industro/wish-listcce5.html]
[thewebmax.org/industro/wish-list13f7.html]
[thewebmax.org/industro/wish-list19a6.html]
[thewebmax.org/industro/wish-listfe5c.html]
[thewebmax.org/industro/wish-listab47.html]
[thewebmax.org/industro/wish-list5f8d.html]
[thewebmax.org/industro/wish-list5663.html]
[thewebmax.org/industro/wish-list28ac.html]
[thewebmax.org/industro/wish-list26b8.html]
[thewebmax.org/industro/wish-list7f4c.html]
[thewebmax.org/industro/blog-grida39b.html]
[thewebmax.org/industro/blog-grid61e7.html]
[thewebmax.org/industro/blog-gridcce5.html]
[thewebmax.org/industro/blog-grid13f7.html]
[thewebmax.org/industro/blog-grid19a6.html]
[thewebmax.org/industro/blog-gridfe5c.html]
[thewebmax.org/industro/blog-gridab47.html]
[thewebmax.org/industro/blog-grid5f8d.html]
[thewebmax.org/industro/blog-grid5663.html]
[thewebmax.org/industro/blog-grid28ac.html]
[thewebmax.org/industro/blog-grid26b8.html]
[thewebmax.org/industro/blog-grid7f4c.html]
[thewebmax.org/industro/blog-list-sidebara39b.html]
[thewebmax.org/industro/blog-list-sidebar61e7.html]
[thewebmax.org/industro/blog-list-sidebarcce5.html]
[thewebmax.org/industro/blog-list-sidebar13f7.html]
[thewebmax.org/industro/blog-list-sidebar19a6.html]
[thewebmax.org/industro/blog-list-sidebarfe5c.html]
[thewebmax.org/industro/blog-list-sidebarab47.html]
[thewebmax.org/industro/blog-list-sidebar5f8d.html]
[thewebmax.org/industro/blog-list-sidebar5663.html]
[thewebmax.org/industro/blog-list-sidebar28ac.html]
[thewebmax.org/industro/blog-list-sidebar26b8.html]
[thewebmax.org/industro/blog-list-sidebar7f4c.html]
[thewebmax.org/industro/blog-post-right-sidebara39b.html]
[thewebmax.org/industro/blog-post-right-sidebar61e7.html]
[thewebmax.org/industro/blog-post-right-sidebarcce5.html]
[thewebmax.org/industro/blog-post-right-sidebar13f7.html]
[thewebmax.org/industro/blog-post-right-sidebar19a6.html]
[thewebmax.org/industro/blog-post-right-sidebarfe5c.html]
[thewebmax.org/industro/blog-post-right-sidebarab47.html]
[thewebmax.org/industro/blog-post-right-sidebar5f8d.html]
[thewebmax.org/industro/blog-post-right-sidebar5663.html]
[thewebmax.org/industro/blog-post-right-sidebar28ac.html]
[thewebmax.org/industro/blog-post-right-sidebar26b8.html]
[thewebmax.org/industro/blog-post-right-sidebar7f4c.html]
[thewebmax.org/industro/popper.html]
[thewebmax.org/industro/Trident/index.html]
[thewebmax.org/industro/css/skin/skin-3.css]
[thewebmax.org/industro/css/skin/skin-5.css]
[thewebmax.org/industro/css/skin/skin-6.css]
[thewebmax.org/industro/css/skin/skin-8.css]
[thewebmax.org/industro/css/skin/skin-10.css]
[thewebmax.org/industro/css/skin/skin-11.css]
[thewebmax.org/industro/css/skin/skin-12.css]
[thewebmax.org/industro/TweenLite.html]
[thewebmax.org/TweenLite.html]
[thewebmax.org/industro/Version/index.html]
[thewebmax.org/industro/themepunch.revolution.min.html]
[thewebmax.org/industro/jquery.themepunch.revolution.min.html]
[thewebmax.org/industro/jquery.themepunch.revolution.html]
[thewebmax.org/industro/images/transparent.html]
[thewebmax.org/industro/assets/transparent.html]
